{"C:\\git\\chipotle\\EnterpriseServices\\MenuMetadataV1\\MenuMetadata.Api\\Program.cs":{"path":"C:\\git\\chipotle\\EnterpriseServices\\MenuMetadataV1\\MenuMetadata.Api\\Program.cs","s":{"0":0,"1":0,"2":0,"3":0,"4":0,"5":0},"statementMap":{"0":{"start":{"line":11,"column":0},"end":{"line":11,"column":0}},"1":{"start":{"line":12,"column":0},"end":{"line":12,"column":0}},"2":{"start":{"line":13,"column":0},"end":{"line":13,"column":0}},"3":{"start":{"line":16,"column":0},"end":{"line":16,"column":0}},"4":{"start":{"line":17,"column":0},"end":{"line":17,"column":0}},"5":{"start":{"line":18,"column":0},"end":{"line":18,"column":0}}},"l":{"11":0,"12":0,"13":0,"16":0,"17":0,"18":0},"f":{"0":0,"1":0},"fnMap":{"0":{"name":"System.Void MenuMetadata.Api.Program::Main(System.String[])","line":10,"loc":{"start":{"line":10,"col":0},"end":{"line":10,"col":0}}},"1":{"name":"Microsoft.AspNetCore.Hosting.IWebHost MenuMetadata.Api.Program::BuildWebHost(System.String[])","line":15,"loc":{"start":{"line":15,"col":0},"end":{"line":15,"col":0}}}},"b":{},"branchMap":{}},"C:\\git\\chipotle\\EnterpriseServices\\MenuMetadataV1\\MenuMetadata.Api\\Startup.cs":{"path":"C:\\git\\chipotle\\EnterpriseServices\\MenuMetadataV1\\MenuMetadata.Api\\Startup.cs","s":{"0":12,"1":3,"2":3,"3":3,"4":3,"5":3,"6":3,"7":3,"8":3,"9":3,"10":3,"11":3,"12":3,"13":3,"14":3,"15":3,"16":3,"17":3,"18":3,"19":3,"20":3,"21":3,"22":3,"23":3,"24":5,"25":5,"26":5,"27":5,"28":3,"29":3,"30":3,"31":3,"32":3,"33":3,"34":3,"35":3,"36":3,"37":3,"38":3,"39":3,"40":3,"41":3,"42":3,"43":3,"44":3,"45":3,"46":3,"47":3,"48":3,"49":3,"50":3,"51":3,"52":3,"53":3,"54":3,"55":3,"56":0,"57":0,"58":0,"59":0,"60":0,"61":2,"62":2,"63":2,"64":2,"65":2,"66":2,"67":2,"68":2,"69":2,"70":2,"71":2,"72":2,"73":2,"74":4,"75":4,"76":4,"77":2,"78":1,"79":3,"80":3,"81":3,"82":3,"83":3,"84":3,"85":3,"86":2,"87":2,"88":2,"89":2,"90":2,"91":2,"92":2,"93":2,"94":2,"95":1,"96":1,"97":1,"98":1,"99":1,"100":1,"101":1,"102":1,"103":1,"104":3,"105":3,"106":3,"107":3,"108":3,"109":2,"110":2,"111":0,"112":0,"113":0,"114":0,"115":0,"116":0,"117":0,"118":0,"119":0,"120":0},"statementMap":{"0":{"start":{"line":52,"column":0},"end":{"line":52,"column":0}},"1":{"start":{"line":56,"column":0},"end":{"line":56,"column":0}},"2":{"start":{"line":58,"column":0},"end":{"line":58,"column":0}},"3":{"start":{"line":59,"column":0},"end":{"line":59,"column":0}},"4":{"start":{"line":62,"column":0},"end":{"line":62,"column":0}},"5":{"start":{"line":63,"column":0},"end":{"line":63,"column":0}},"6":{"start":{"line":65,"column":0},"end":{"line":65,"column":0}},"7":{"start":{"line":66,"column":0},"end":{"line":66,"column":0}},"8":{"start":{"line":67,"column":0},"end":{"line":67,"column":0}},"9":{"start":{"line":68,"column":0},"end":{"line":68,"column":0}},"10":{"start":{"line":70,"column":0},"end":{"line":70,"column":0}},"11":{"start":{"line":73,"column":0},"end":{"line":73,"column":0}},"12":{"start":{"line":74,"column":0},"end":{"line":74,"column":0}},"13":{"start":{"line":77,"column":0},"end":{"line":77,"column":0}},"14":{"start":{"line":78,"column":0},"end":{"line":78,"column":0}},"15":{"start":{"line":79,"column":0},"end":{"line":79,"column":0}},"16":{"start":{"line":80,"column":0},"end":{"line":80,"column":0}},"17":{"start":{"line":81,"column":0},"end":{"line":81,"column":0}},"18":{"start":{"line":82,"column":0},"end":{"line":82,"column":0}},"19":{"start":{"line":83,"column":0},"end":{"line":83,"column":0}},"20":{"start":{"line":84,"column":0},"end":{"line":84,"column":0}},"21":{"start":{"line":85,"column":0},"end":{"line":85,"column":0}},"22":{"start":{"line":87,"column":0},"end":{"line":87,"column":0}},"23":{"start":{"line":88,"column":0},"end":{"line":88,"column":0}},"24":{"start":{"line":89,"column":0},"end":{"line":89,"column":0}},"25":{"start":{"line":90,"column":0},"end":{"line":90,"column":0}},"26":{"start":{"line":91,"column":0},"end":{"line":91,"column":0}},"27":{"start":{"line":92,"column":0},"end":{"line":92,"column":0}},"28":{"start":{"line":93,"column":0},"end":{"line":93,"column":0}},"29":{"start":{"line":95,"column":0},"end":{"line":95,"column":0}},"30":{"start":{"line":96,"column":0},"end":{"line":96,"column":0}},"31":{"start":{"line":97,"column":0},"end":{"line":97,"column":0}},"32":{"start":{"line":98,"column":0},"end":{"line":98,"column":0}},"33":{"start":{"line":99,"column":0},"end":{"line":99,"column":0}},"34":{"start":{"line":100,"column":0},"end":{"line":100,"column":0}},"35":{"start":{"line":101,"column":0},"end":{"line":101,"column":0}},"36":{"start":{"line":102,"column":0},"end":{"line":102,"column":0}},"37":{"start":{"line":103,"column":0},"end":{"line":103,"column":0}},"38":{"start":{"line":104,"column":0},"end":{"line":104,"column":0}},"39":{"start":{"line":105,"column":0},"end":{"line":105,"column":0}},"40":{"start":{"line":106,"column":0},"end":{"line":106,"column":0}},"41":{"start":{"line":107,"column":0},"end":{"line":107,"column":0}},"42":{"start":{"line":108,"column":0},"end":{"line":108,"column":0}},"43":{"start":{"line":109,"column":0},"end":{"line":109,"column":0}},"44":{"start":{"line":110,"column":0},"end":{"line":110,"column":0}},"45":{"start":{"line":111,"column":0},"end":{"line":111,"column":0}},"46":{"start":{"line":112,"column":0},"end":{"line":112,"column":0}},"47":{"start":{"line":113,"column":0},"end":{"line":113,"column":0}},"48":{"start":{"line":114,"column":0},"end":{"line":114,"column":0}},"49":{"start":{"line":115,"column":0},"end":{"line":115,"column":0}},"50":{"start":{"line":116,"column":0},"end":{"line":116,"column":0}},"51":{"start":{"line":117,"column":0},"end":{"line":117,"column":0}},"52":{"start":{"line":118,"column":0},"end":{"line":118,"column":0}},"53":{"start":{"line":119,"column":0},"end":{"line":119,"column":0}},"54":{"start":{"line":122,"column":0},"end":{"line":122,"column":0}},"55":{"start":{"line":123,"column":0},"end":{"line":123,"column":0}},"56":{"start":{"line":126,"column":0},"end":{"line":126,"column":0}},"57":{"start":{"line":127,"column":0},"end":{"line":127,"column":0}},"58":{"start":{"line":128,"column":0},"end":{"line":128,"column":0}},"59":{"start":{"line":129,"column":0},"end":{"line":129,"column":0}},"60":{"start":{"line":130,"column":0},"end":{"line":130,"column":0}},"61":{"start":{"line":133,"column":0},"end":{"line":133,"column":0}},"62":{"start":{"line":134,"column":0},"end":{"line":134,"column":0}},"63":{"start":{"line":135,"column":0},"end":{"line":135,"column":0}},"64":{"start":{"line":136,"column":0},"end":{"line":136,"column":0}},"65":{"start":{"line":137,"column":0},"end":{"line":137,"column":0}},"66":{"start":{"line":140,"column":0},"end":{"line":140,"column":0}},"67":{"start":{"line":141,"column":0},"end":{"line":141,"column":0}},"68":{"start":{"line":143,"column":0},"end":{"line":143,"column":0}},"69":{"start":{"line":144,"column":0},"end":{"line":144,"column":0}},"70":{"start":{"line":145,"column":0},"end":{"line":145,"column":0}},"71":{"start":{"line":148,"column":0},"end":{"line":148,"column":0}},"72":{"start":{"line":151,"column":0},"end":{"line":151,"column":0}},"73":{"start":{"line":152,"column":0},"end":{"line":152,"column":0}},"74":{"start":{"line":153,"column":0},"end":{"line":153,"column":0}},"75":{"start":{"line":154,"column":0},"end":{"line":154,"column":0}},"76":{"start":{"line":155,"column":0},"end":{"line":155,"column":0}},"77":{"start":{"line":158,"column":0},"end":{"line":158,"column":0}},"78":{"start":{"line":159,"column":0},"end":{"line":159,"column":0}},"79":{"start":{"line":162,"column":0},"end":{"line":162,"column":0}},"80":{"start":{"line":163,"column":0},"end":{"line":163,"column":0}},"81":{"start":{"line":165,"column":0},"end":{"line":165,"column":0}},"82":{"start":{"line":166,"column":0},"end":{"line":166,"column":0}},"83":{"start":{"line":168,"column":0},"end":{"line":168,"column":0}},"84":{"start":{"line":169,"column":0},"end":{"line":169,"column":0}},"85":{"start":{"line":170,"column":0},"end":{"line":170,"column":0}},"86":{"start":{"line":173,"column":0},"end":{"line":173,"column":0}},"87":{"start":{"line":175,"column":0},"end":{"line":175,"column":0}},"88":{"start":{"line":177,"column":0},"end":{"line":177,"column":0}},"89":{"start":{"line":178,"column":0},"end":{"line":178,"column":0}},"90":{"start":{"line":179,"column":0},"end":{"line":179,"column":0}},"91":{"start":{"line":180,"column":0},"end":{"line":180,"column":0}},"92":{"start":{"line":183,"column":0},"end":{"line":183,"column":0}},"93":{"start":{"line":187,"column":0},"end":{"line":187,"column":0}},"94":{"start":{"line":188,"column":0},"end":{"line":188,"column":0}},"95":{"start":{"line":190,"column":0},"end":{"line":190,"column":0}},"96":{"start":{"line":191,"column":0},"end":{"line":191,"column":0}},"97":{"start":{"line":192,"column":0},"end":{"line":192,"column":0}},"98":{"start":{"line":193,"column":0},"end":{"line":193,"column":0}},"99":{"start":{"line":194,"column":0},"end":{"line":194,"column":0}},"100":{"start":{"line":196,"column":0},"end":{"line":196,"column":0}},"101":{"start":{"line":197,"column":0},"end":{"line":197,"column":0}},"102":{"start":{"line":201,"column":0},"end":{"line":201,"column":0}},"103":{"start":{"line":202,"column":0},"end":{"line":202,"column":0}},"104":{"start":{"line":41,"column":0},"end":{"line":41,"column":0}},"105":{"start":{"line":47,"column":0},"end":{"line":47,"column":0}},"106":{"start":{"line":48,"column":0},"end":{"line":48,"column":0}},"107":{"start":{"line":49,"column":0},"end":{"line":49,"column":0}},"108":{"start":{"line":50,"column":0},"end":{"line":50,"column":0}},"109":{"start":{"line":44,"column":0},"end":{"line":44,"column":0}},"110":{"start":{"line":45,"column":0},"end":{"line":45,"column":0}},"111":{"start":{"line":207,"column":0},"end":{"line":207,"column":0}},"112":{"start":{"line":208,"column":0},"end":{"line":208,"column":0}},"113":{"start":{"line":209,"column":0},"end":{"line":209,"column":0}},"114":{"start":{"line":210,"column":0},"end":{"line":210,"column":0}},"115":{"start":{"line":211,"column":0},"end":{"line":211,"column":0}},"116":{"start":{"line":212,"column":0},"end":{"line":212,"column":0}},"117":{"start":{"line":213,"column":0},"end":{"line":213,"column":0}},"118":{"start":{"line":205,"column":0},"end":{"line":205,"column":0}},"119":{"start":{"line":206,"column":0},"end":{"line":206,"column":0}},"120":{"start":{"line":214,"column":0},"end":{"line":214,"column":0}}},"l":{"41":3,"44":2,"45":2,"47":3,"48":3,"49":3,"50":3,"52":12,"56":3,"58":3,"59":3,"62":3,"63":3,"65":3,"66":3,"67":3,"68":3,"70":3,"73":3,"74":3,"77":3,"78":3,"79":3,"80":3,"81":3,"82":3,"83":3,"84":3,"85":3,"87":3,"88":3,"89":5,"90":5,"91":5,"92":5,"93":3,"95":3,"96":3,"97":3,"98":3,"99":3,"100":3,"101":3,"102":3,"103":3,"104":3,"105":3,"106":3,"107":3,"108":3,"109":3,"110":3,"111":3,"112":3,"113":3,"114":3,"115":3,"116":3,"117":3,"118":3,"119":3,"122":3,"123":3,"126":0,"127":0,"128":0,"129":0,"130":0,"133":2,"134":2,"135":2,"136":2,"137":2,"140":2,"141":2,"143":2,"144":2,"145":2,"148":2,"151":2,"152":2,"153":4,"154":4,"155":4,"158":2,"159":1,"162":3,"163":3,"165":3,"166":3,"168":3,"169":3,"170":3,"173":2,"175":2,"177":2,"178":2,"179":2,"180":2,"183":2,"187":2,"188":2,"190":1,"191":1,"192":1,"193":1,"194":1,"196":1,"197":1,"201":1,"202":1,"205":0,"206":0,"207":0,"208":0,"209":0,"210":0,"211":0,"212":0,"213":0,"214":0},"f":{"0":12,"1":3,"2":0,"3":2,"4":3,"5":2,"6":3,"7":2,"8":0,"9":0},"fnMap":{"0":{"name":"Microsoft.Extensions.Configuration.IConfiguration MenuMetadata.Api.Startup::get_Configuration()","line":51,"loc":{"start":{"line":51,"col":0},"end":{"line":51,"col":0}}},"1":{"name":"System.Void MenuMetadata.Api.Startup::ConfigureServices(Microsoft.Extensions.DependencyInjection.IServiceCollection)","line":55,"loc":{"start":{"line":55,"col":0},"end":{"line":55,"col":0}}},"2":{"name":"System.Void MenuMetadata.Api.Startup::InitializeApplicationIoc(SimpleInjector.Container","line":125,"loc":{"start":{"line":125,"col":0},"end":{"line":125,"col":0}}},"3":{"name":"System.Void MenuMetadata.Api.Startup::Configure(Microsoft.AspNetCore.Builder.IApplicationBuilder","line":132,"loc":{"start":{"line":132,"col":0},"end":{"line":132,"col":0}}},"4":{"name":"System.Void MenuMetadata.Api.Startup::WireupSimpleInjector(Microsoft.Extensions.DependencyInjection.IServiceCollection)","line":161,"loc":{"start":{"line":161,"col":0},"end":{"line":161,"col":0}}},"5":{"name":"System.Void MenuMetadata.Api.Startup::InitializeService(System.IServiceProvider)","line":172,"loc":{"start":{"line":172,"col":0},"end":{"line":172,"col":0}}},"6":{"name":"System.Void MenuMetadata.Api.Startup::.ctor(Microsoft.Extensions.Configuration.IConfiguration)","line":40,"loc":{"start":{"line":40,"col":0},"end":{"line":40,"col":0}}},"7":{"name":"System.Void MenuMetadata.Api.Startup::.cctor()","line":43,"loc":{"start":{"line":43,"col":0},"end":{"line":43,"col":0}}},"8":{"name":"Chipotle.Enterprise.Security.Jwt.JwtSettings MenuMetadata.Api.Startup/<>c__DisplayClass11_0::<InitializeJwtSecurityAsync>b__0()","line":206,"loc":{"start":{"line":206,"col":0},"end":{"line":206,"col":0}}},"9":{"name":"System.Void MenuMetadata.Api.Startup/<InitializeJwtSecurityAsync>d__11::MoveNext()","line":204,"loc":{"start":{"line":204,"col":0},"end":{"line":204,"col":0}}}},"b":{},"branchMap":{}},"C:\\git\\chipotle\\EnterpriseServices\\MenuMetadataV1\\MenuMetadata.Api\\Swagger\\AuthorizationOperationFilter.cs":{"path":"C:\\git\\chipotle\\EnterpriseServices\\MenuMetadataV1\\MenuMetadata.Api\\Swagger\\AuthorizationOperationFilter.cs","s":{"0":0,"1":0,"2":0,"3":0,"4":0,"5":0,"6":0,"7":0,"8":0,"9":0,"10":0,"11":0,"12":0,"13":0,"14":0,"15":0,"16":0,"17":0,"18":0,"19":0,"20":0,"21":0},"statementMap":{"0":{"start":{"line":22,"column":0},"end":{"line":22,"column":0}},"1":{"start":{"line":23,"column":0},"end":{"line":23,"column":0}},"2":{"start":{"line":24,"column":0},"end":{"line":24,"column":0}},"3":{"start":{"line":25,"column":0},"end":{"line":25,"column":0}},"4":{"start":{"line":27,"column":0},"end":{"line":27,"column":0}},"5":{"start":{"line":28,"column":0},"end":{"line":28,"column":0}},"6":{"start":{"line":30,"column":0},"end":{"line":30,"column":0}},"7":{"start":{"line":31,"column":0},"end":{"line":31,"column":0}},"8":{"start":{"line":32,"column":0},"end":{"line":32,"column":0}},"9":{"start":{"line":33,"column":0},"end":{"line":33,"column":0}},"10":{"start":{"line":34,"column":0},"end":{"line":34,"column":0}},"11":{"start":{"line":35,"column":0},"end":{"line":35,"column":0}},"12":{"start":{"line":36,"column":0},"end":{"line":36,"column":0}},"13":{"start":{"line":37,"column":0},"end":{"line":37,"column":0}},"14":{"start":{"line":38,"column":0},"end":{"line":38,"column":0}},"15":{"start":{"line":39,"column":0},"end":{"line":39,"column":0}},"16":{"start":{"line":40,"column":0},"end":{"line":40,"column":0}},"17":{"start":{"line":41,"column":0},"end":{"line":41,"column":0}},"18":{"start":{"line":16,"column":0},"end":{"line":16,"column":0}},"19":{"start":{"line":17,"column":0},"end":{"line":17,"column":0}},"20":{"start":{"line":18,"column":0},"end":{"line":18,"column":0}},"21":{"start":{"line":19,"column":0},"end":{"line":19,"column":0}}},"l":{"16":0,"17":0,"18":0,"19":0,"22":0,"23":0,"24":0,"25":0,"27":0,"28":0,"30":0,"31":0,"32":0,"33":0,"34":0,"35":0,"36":0,"37":0,"38":0,"39":0,"40":0,"41":0},"f":{"0":0,"1":0},"fnMap":{"0":{"name":"System.Void MenuMetadata.Api.Swagger.AuthorizationOperationFilter::Apply(Swashbuckle.AspNetCore.Swagger.Operation","line":21,"loc":{"start":{"line":21,"col":0},"end":{"line":21,"col":0}}},"1":{"name":"System.Void MenuMetadata.Api.Swagger.AuthorizationOperationFilter::.ctor(System.String)","line":15,"loc":{"start":{"line":15,"col":0},"end":{"line":15,"col":0}}}},"b":{},"branchMap":{}},"C:\\git\\chipotle\\EnterpriseServices\\MenuMetadataV1\\MenuMetadata.Api\\Controllers\\HealthController.cs":{"path":"C:\\git\\chipotle\\EnterpriseServices\\MenuMetadataV1\\MenuMetadata.Api\\Controllers\\HealthController.cs","s":{"0":2,"1":2,"2":2,"3":1,"4":1,"5":1,"6":1,"7":1,"8":1,"9":1,"10":1,"11":1,"12":1,"13":1,"14":1,"15":1,"16":1,"17":1},"statementMap":{"0":{"start":{"line":44,"column":0},"end":{"line":44,"column":0}},"1":{"start":{"line":46,"column":0},"end":{"line":46,"column":0}},"2":{"start":{"line":47,"column":0},"end":{"line":47,"column":0}},"3":{"start":{"line":18,"column":0},"end":{"line":18,"column":0}},"4":{"start":{"line":19,"column":0},"end":{"line":19,"column":0}},"5":{"start":{"line":20,"column":0},"end":{"line":20,"column":0}},"6":{"start":{"line":21,"column":0},"end":{"line":21,"column":0}},"7":{"start":{"line":30,"column":0},"end":{"line":30,"column":0}},"8":{"start":{"line":31,"column":0},"end":{"line":31,"column":0}},"9":{"start":{"line":32,"column":0},"end":{"line":32,"column":0}},"10":{"start":{"line":33,"column":0},"end":{"line":33,"column":0}},"11":{"start":{"line":34,"column":0},"end":{"line":34,"column":0}},"12":{"start":{"line":36,"column":0},"end":{"line":36,"column":0}},"13":{"start":{"line":37,"column":0},"end":{"line":37,"column":0}},"14":{"start":{"line":38,"column":0},"end":{"line":38,"column":0}},"15":{"start":{"line":39,"column":0},"end":{"line":39,"column":0}},"16":{"start":{"line":40,"column":0},"end":{"line":40,"column":0}},"17":{"start":{"line":41,"column":0},"end":{"line":41,"column":0}}},"l":{"18":1,"19":1,"20":1,"21":1,"30":1,"31":1,"32":1,"33":1,"34":1,"36":1,"37":1,"38":1,"39":1,"40":1,"41":1,"44":2,"46":2,"47":2},"f":{"0":2,"1":1,"2":1},"fnMap":{"0":{"name":"System.String MenuMetadata.Api.Controllers.HealthController::GetStatusMessage()","line":43,"loc":{"start":{"line":43,"col":0},"end":{"line":43,"col":0}}},"1":{"name":"System.Void MenuMetadata.Api.Controllers.HealthController::.ctor(Chipotle.Core.Logging.IObjectLogger)","line":17,"loc":{"start":{"line":17,"col":0},"end":{"line":17,"col":0}}},"2":{"name":"System.Void MenuMetadata.Api.Controllers.HealthController/<GetAsync>d__2::MoveNext()","line":29,"loc":{"start":{"line":29,"col":0},"end":{"line":29,"col":0}}}},"b":{},"branchMap":{}},"C:\\git\\chipotle\\EnterpriseServices\\MenuMetadataV1\\MenuMetadata.Api\\Controllers\\MenuItemGroupController.cs":{"path":"C:\\git\\chipotle\\EnterpriseServices\\MenuMetadataV1\\MenuMetadata.Api\\Controllers\\MenuItemGroupController.cs","s":{"0":3,"1":3,"2":3,"3":3,"4":3,"5":3,"6":3,"7":3,"8":3,"9":1,"10":1,"11":1,"12":1,"13":1,"14":1,"15":1,"16":1},"statementMap":{"0":{"start":{"line":28,"column":0},"end":{"line":28,"column":0}},"1":{"start":{"line":29,"column":0},"end":{"line":29,"column":0}},"2":{"start":{"line":30,"column":0},"end":{"line":30,"column":0}},"3":{"start":{"line":31,"column":0},"end":{"line":31,"column":0}},"4":{"start":{"line":32,"column":0},"end":{"line":32,"column":0}},"5":{"start":{"line":41,"column":0},"end":{"line":41,"column":0}},"6":{"start":{"line":42,"column":0},"end":{"line":42,"column":0}},"7":{"start":{"line":43,"column":0},"end":{"line":43,"column":0}},"8":{"start":{"line":44,"column":0},"end":{"line":44,"column":0}},"9":{"start":{"line":54,"column":0},"end":{"line":54,"column":0}},"10":{"start":{"line":55,"column":0},"end":{"line":55,"column":0}},"11":{"start":{"line":56,"column":0},"end":{"line":56,"column":0}},"12":{"start":{"line":57,"column":0},"end":{"line":57,"column":0}},"13":{"start":{"line":67,"column":0},"end":{"line":67,"column":0}},"14":{"start":{"line":68,"column":0},"end":{"line":68,"column":0}},"15":{"start":{"line":69,"column":0},"end":{"line":69,"column":0}},"16":{"start":{"line":70,"column":0},"end":{"line":70,"column":0}}},"l":{"28":3,"29":3,"30":3,"31":3,"32":3,"41":3,"42":3,"43":3,"44":3,"54":1,"55":1,"56":1,"57":1,"67":1,"68":1,"69":1,"70":1},"f":{"0":3,"1":3,"2":1,"3":1},"fnMap":{"0":{"name":"System.Void MenuMetadata.Api.Controllers.MenuItemGroupController::.ctor(MenuMetadata.Service.Interfaces.IMenuItemGroupService","line":27,"loc":{"start":{"line":27,"col":0},"end":{"line":27,"col":0}}},"1":{"name":"System.Void MenuMetadata.Api.Controllers.MenuItemGroupController/<GetAllMenuItemGroupsAsync>d__3::MoveNext()","line":40,"loc":{"start":{"line":40,"col":0},"end":{"line":40,"col":0}}},"2":{"name":"System.Void MenuMetadata.Api.Controllers.MenuItemGroupController/<CreateMenuItemGroupAsync>d__4::MoveNext()","line":53,"loc":{"start":{"line":53,"col":0},"end":{"line":53,"col":0}}},"3":{"name":"System.Void MenuMetadata.Api.Controllers.MenuItemGroupController/<UpdateMenuItemGroupAsync>d__5::MoveNext()","line":66,"loc":{"start":{"line":66,"col":0},"end":{"line":66,"col":0}}}},"b":{},"branchMap":{}},"C:\\git\\chipotle\\EnterpriseServices\\MenuMetadataV1\\MenuMetadata.Api\\Controllers\\MenuItemMetadataController.cs":{"path":"C:\\git\\chipotle\\EnterpriseServices\\MenuMetadataV1\\MenuMetadata.Api\\Controllers\\MenuItemMetadataController.cs","s":{"0":3,"1":3,"2":3,"3":3,"4":3,"5":2,"6":2,"7":2,"8":2,"9":1,"10":1,"11":1,"12":1,"13":1,"14":1,"15":1,"16":1},"statementMap":{"0":{"start":{"line":25,"column":0},"end":{"line":25,"column":0}},"1":{"start":{"line":26,"column":0},"end":{"line":26,"column":0}},"2":{"start":{"line":27,"column":0},"end":{"line":27,"column":0}},"3":{"start":{"line":28,"column":0},"end":{"line":28,"column":0}},"4":{"start":{"line":29,"column":0},"end":{"line":29,"column":0}},"5":{"start":{"line":38,"column":0},"end":{"line":38,"column":0}},"6":{"start":{"line":39,"column":0},"end":{"line":39,"column":0}},"7":{"start":{"line":40,"column":0},"end":{"line":40,"column":0}},"8":{"start":{"line":41,"column":0},"end":{"line":41,"column":0}},"9":{"start":{"line":51,"column":0},"end":{"line":51,"column":0}},"10":{"start":{"line":52,"column":0},"end":{"line":52,"column":0}},"11":{"start":{"line":53,"column":0},"end":{"line":53,"column":0}},"12":{"start":{"line":54,"column":0},"end":{"line":54,"column":0}},"13":{"start":{"line":64,"column":0},"end":{"line":64,"column":0}},"14":{"start":{"line":65,"column":0},"end":{"line":65,"column":0}},"15":{"start":{"line":66,"column":0},"end":{"line":66,"column":0}},"16":{"start":{"line":67,"column":0},"end":{"line":67,"column":0}}},"l":{"25":3,"26":3,"27":3,"28":3,"29":3,"38":2,"39":2,"40":2,"41":2,"51":1,"52":1,"53":1,"54":1,"64":1,"65":1,"66":1,"67":1},"f":{"0":3,"1":2,"2":1,"3":1},"fnMap":{"0":{"name":"System.Void MenuMetadata.Api.Controllers.MenuItemMetadataController::.ctor(MenuMetadata.Service.Interfaces.IMenuItemMetadataService","line":24,"loc":{"start":{"line":24,"col":0},"end":{"line":24,"col":0}}},"1":{"name":"System.Void MenuMetadata.Api.Controllers.MenuItemMetadataController/<GetAllMenuItemMetadataAsync>d__3::MoveNext()","line":37,"loc":{"start":{"line":37,"col":0},"end":{"line":37,"col":0}}},"2":{"name":"System.Void MenuMetadata.Api.Controllers.MenuItemMetadataController/<CreateMenuItemMetadataAsync>d__4::MoveNext()","line":50,"loc":{"start":{"line":50,"col":0},"end":{"line":50,"col":0}}},"3":{"name":"System.Void MenuMetadata.Api.Controllers.MenuItemMetadataController/<UpdateMenuItemMetadataAsync>d__5::MoveNext()","line":63,"loc":{"start":{"line":63,"col":0},"end":{"line":63,"col":0}}}},"b":{},"branchMap":{}},"C:\\git\\chipotle\\EnterpriseServices\\MenuMetadataV1\\MenuMetadata.Api\\Controllers\\MenuMetadataController.cs":{"path":"C:\\git\\chipotle\\EnterpriseServices\\MenuMetadataV1\\MenuMetadata.Api\\Controllers\\MenuMetadataController.cs","s":{"0":0,"1":0,"2":0,"3":0,"4":0,"5":0,"6":0,"7":0,"8":0},"statementMap":{"0":{"start":{"line":27,"column":0},"end":{"line":27,"column":0}},"1":{"start":{"line":28,"column":0},"end":{"line":28,"column":0}},"2":{"start":{"line":29,"column":0},"end":{"line":29,"column":0}},"3":{"start":{"line":30,"column":0},"end":{"line":30,"column":0}},"4":{"start":{"line":31,"column":0},"end":{"line":31,"column":0}},"5":{"start":{"line":40,"column":0},"end":{"line":40,"column":0}},"6":{"start":{"line":41,"column":0},"end":{"line":41,"column":0}},"7":{"start":{"line":42,"column":0},"end":{"line":42,"column":0}},"8":{"start":{"line":43,"column":0},"end":{"line":43,"column":0}}},"l":{"27":0,"28":0,"29":0,"30":0,"31":0,"40":0,"41":0,"42":0,"43":0},"f":{"0":0,"1":0},"fnMap":{"0":{"name":"System.Void MenuMetadata.Api.Controllers.MenuMetadataController::.ctor(MenuMetadata.Service.Interfaces.IMenuMetadataService","line":26,"loc":{"start":{"line":26,"col":0},"end":{"line":26,"col":0}}},"1":{"name":"System.Void MenuMetadata.Api.Controllers.MenuMetadataController/<GetMenuMetadataForChannelAsync>d__3::MoveNext()","line":39,"loc":{"start":{"line":39,"col":0},"end":{"line":39,"col":0}}}},"b":{},"branchMap":{}},"C:\\git\\chipotle\\EnterpriseServices\\MenuMetadataV1\\MenuMetadata.Api\\Controllers\\TopLevelMenuController.cs":{"path":"C:\\git\\chipotle\\EnterpriseServices\\MenuMetadataV1\\MenuMetadata.Api\\Controllers\\TopLevelMenuController.cs","s":{"0":0,"1":0,"2":0,"3":0,"4":0,"5":0,"6":0,"7":0,"8":0,"9":0,"10":0,"11":0,"12":0,"13":0,"14":0,"15":0},"statementMap":{"0":{"start":{"line":28,"column":0},"end":{"line":28,"column":0}},"1":{"start":{"line":29,"column":0},"end":{"line":29,"column":0}},"2":{"start":{"line":30,"column":0},"end":{"line":30,"column":0}},"3":{"start":{"line":31,"column":0},"end":{"line":31,"column":0}},"4":{"start":{"line":32,"column":0},"end":{"line":32,"column":0}},"5":{"start":{"line":41,"column":0},"end":{"line":41,"column":0}},"6":{"start":{"line":42,"column":0},"end":{"line":42,"column":0}},"7":{"start":{"line":43,"column":0},"end":{"line":43,"column":0}},"8":{"start":{"line":57,"column":0},"end":{"line":57,"column":0}},"9":{"start":{"line":58,"column":0},"end":{"line":58,"column":0}},"10":{"start":{"line":59,"column":0},"end":{"line":59,"column":0}},"11":{"start":{"line":60,"column":0},"end":{"line":60,"column":0}},"12":{"start":{"line":72,"column":0},"end":{"line":72,"column":0}},"13":{"start":{"line":73,"column":0},"end":{"line":73,"column":0}},"14":{"start":{"line":74,"column":0},"end":{"line":74,"column":0}},"15":{"start":{"line":75,"column":0},"end":{"line":75,"column":0}}},"l":{"28":0,"29":0,"30":0,"31":0,"32":0,"41":0,"42":0,"43":0,"57":0,"58":0,"59":0,"60":0,"72":0,"73":0,"74":0,"75":0},"f":{"0":0,"1":0,"2":0,"3":0},"fnMap":{"0":{"name":"System.Void MenuMetadata.Api.Controllers.TopLevelMenuController::.ctor(MenuMetadata.Service.Interfaces.ITopLevelMenuService","line":27,"loc":{"start":{"line":27,"col":0},"end":{"line":27,"col":0}}},"1":{"name":"System.Void MenuMetadata.Api.Controllers.TopLevelMenuController/<GetTopLevelMenusAsync>d__3::MoveNext()","line":40,"loc":{"start":{"line":40,"col":0},"end":{"line":40,"col":0}}},"2":{"name":"System.Void MenuMetadata.Api.Controllers.TopLevelMenuController/<CreateTopLevelMenuAsync>d__4::MoveNext()","line":56,"loc":{"start":{"line":56,"col":0},"end":{"line":56,"col":0}}},"3":{"name":"System.Void MenuMetadata.Api.Controllers.TopLevelMenuController/<UpdateTopLevelMenuAsync>d__5::MoveNext()","line":71,"loc":{"start":{"line":71,"col":0},"end":{"line":71,"col":0}}}},"b":{},"branchMap":{}},"C:\\git\\chipotle\\EnterpriseServices\\MenuMetadataV1\\MenuMetadata.Api\\Configuration\\JwtConfig.cs":{"path":"C:\\git\\chipotle\\EnterpriseServices\\MenuMetadataV1\\MenuMetadata.Api\\Configuration\\JwtConfig.cs","s":{"0":7,"1":7,"2":7,"3":7},"statementMap":{"0":{"start":{"line":12,"column":0},"end":{"line":12,"column":0}},"1":{"start":{"line":16,"column":0},"end":{"line":16,"column":0}},"2":{"start":{"line":20,"column":0},"end":{"line":20,"column":0}},"3":{"start":{"line":24,"column":0},"end":{"line":24,"column":0}}},"l":{"12":7,"16":7,"20":7,"24":7},"f":{"0":7,"1":7,"2":7,"3":7},"fnMap":{"0":{"name":"System.String MenuMetadata.Api.Configuration.JwtConfig::get_CustomerAuthUrl()","line":11,"loc":{"start":{"line":11,"col":0},"end":{"line":11,"col":0}}},"1":{"name":"System.String MenuMetadata.Api.Configuration.JwtConfig::get_CustomerAuthSubscriptionKey()","line":15,"loc":{"start":{"line":15,"col":0},"end":{"line":15,"col":0}}},"2":{"name":"System.String MenuMetadata.Api.Configuration.JwtConfig::get_CustomerAuthUsername()","line":19,"loc":{"start":{"line":19,"col":0},"end":{"line":19,"col":0}}},"3":{"name":"System.String MenuMetadata.Api.Configuration.JwtConfig::get_CustomerAuthPassword()","line":23,"loc":{"start":{"line":23,"col":0},"end":{"line":23,"col":0}}}},"b":{},"branchMap":{}},"C:\\git\\chipotle\\EnterpriseServices\\MenuMetadataV1\\MenuMetadata.Api\\Configuration\\LoggingConfig.cs":{"path":"C:\\git\\chipotle\\EnterpriseServices\\MenuMetadataV1\\MenuMetadata.Api\\Configuration\\LoggingConfig.cs","s":{"0":9,"1":9,"2":9},"statementMap":{"0":{"start":{"line":11,"column":0},"end":{"line":11,"column":0}},"1":{"start":{"line":15,"column":0},"end":{"line":15,"column":0}},"2":{"start":{"line":19,"column":0},"end":{"line":19,"column":0}}},"l":{"11":9,"15":9,"19":9},"f":{"0":9,"1":9,"2":9},"fnMap":{"0":{"name":"System.String MenuMetadata.Api.Configuration.LoggingConfig::get_LogLevel()","line":10,"loc":{"start":{"line":10,"col":0},"end":{"line":10,"col":0}}},"1":{"name":"System.String MenuMetadata.Api.Configuration.LoggingConfig::get_EnvironmentToken()","line":14,"loc":{"start":{"line":14,"col":0},"end":{"line":14,"col":0}}},"2":{"name":"System.String MenuMetadata.Api.Configuration.LoggingConfig::get_EventHubConnectionString()","line":18,"loc":{"start":{"line":18,"col":0},"end":{"line":18,"col":0}}}},"b":{},"branchMap":{}},"C:\\git\\chipotle\\EnterpriseServices\\MenuMetadataV1\\MenuMetadata.Common\\Implementation\\JwtInfo.cs":{"path":"C:\\git\\chipotle\\EnterpriseServices\\MenuMetadataV1\\MenuMetadata.Common\\Implementation\\JwtInfo.cs","s":{"0":1,"1":1,"2":15,"3":1,"4":1,"5":1},"statementMap":{"0":{"start":{"line":5,"column":0},"end":{"line":5,"column":0}},"1":{"start":{"line":6,"column":0},"end":{"line":6,"column":0}},"2":{"start":{"line":7,"column":0},"end":{"line":7,"column":0}},"3":{"start":{"line":8,"column":0},"end":{"line":8,"column":0}},"4":{"start":{"line":9,"column":0},"end":{"line":9,"column":0}},"5":{"start":{"line":10,"column":0},"end":{"line":10,"column":0}}},"l":{"5":1,"6":1,"7":15,"8":1,"9":1,"10":1},"f":{"0":1,"1":1,"2":15,"3":1,"4":1,"5":1},"fnMap":{"0":{"name":"System.String MenuMetadata.Common.Implementation.JwtInfo::get_Jwt()","line":4,"loc":{"start":{"line":4,"col":0},"end":{"line":4,"col":0}}},"1":{"name":"System.Nullable`1<System.Int32> MenuMetadata.Common.Implementation.JwtInfo::get_CustomerId()","line":5,"loc":{"start":{"line":5,"col":0},"end":{"line":5,"col":0}}},"2":{"name":"System.String MenuMetadata.Common.Implementation.JwtInfo::get_Email()","line":6,"loc":{"start":{"line":6,"col":0},"end":{"line":6,"col":0}}},"3":{"name":"System.String MenuMetadata.Common.Implementation.JwtInfo::get_Role()","line":7,"loc":{"start":{"line":7,"col":0},"end":{"line":7,"col":0}}},"4":{"name":"System.Nullable`1<System.Boolean> MenuMetadata.Common.Implementation.JwtInfo::get_IsGuest()","line":8,"loc":{"start":{"line":8,"col":0},"end":{"line":8,"col":0}}},"5":{"name":"System.Nullable`1<System.Boolean> MenuMetadata.Common.Implementation.JwtInfo::get_IsAnonymous()","line":9,"loc":{"start":{"line":9,"col":0},"end":{"line":9,"col":0}}}},"b":{},"branchMap":{}},"C:\\git\\chipotle\\EnterpriseServices\\MenuMetadataV1\\MenuMetadata.Common\\Implementation\\JwtRequestInfo.cs":{"path":"C:\\git\\chipotle\\EnterpriseServices\\MenuMetadataV1\\MenuMetadata.Common\\Implementation\\JwtRequestInfo.cs","s":{"0":22},"statementMap":{"0":{"start":{"line":7,"column":0},"end":{"line":7,"column":0}}},"l":{"7":22},"f":{"0":22},"fnMap":{"0":{"name":"MenuMetadata.Common.Implementation.JwtInfo MenuMetadata.Common.Implementation.JwtRequestInfo::get_JwtInfo()","line":6,"loc":{"start":{"line":6,"col":0},"end":{"line":6,"col":0}}}},"b":{},"branchMap":{}},"C:\\git\\chipotle\\EnterpriseServices\\MenuMetadataV1\\MenuMetadata.Common\\Extensions\\ValidationExtensions.cs":{"path":"C:\\git\\chipotle\\EnterpriseServices\\MenuMetadataV1\\MenuMetadata.Common\\Extensions\\ValidationExtensions.cs","s":{"0":9,"1":9,"2":39,"3":6,"4":6,"5":6,"6":9,"7":9,"8":10,"9":10,"10":2,"11":2,"12":8,"13":14,"14":14,"15":101,"16":30,"17":30,"18":1,"19":1,"20":29,"21":13,"22":14},"statementMap":{"0":{"start":{"line":10,"column":0},"end":{"line":10,"column":0}},"1":{"start":{"line":11,"column":0},"end":{"line":11,"column":0}},"2":{"start":{"line":13,"column":0},"end":{"line":13,"column":0}},"3":{"start":{"line":14,"column":0},"end":{"line":14,"column":0}},"4":{"start":{"line":15,"column":0},"end":{"line":15,"column":0}},"5":{"start":{"line":16,"column":0},"end":{"line":16,"column":0}},"6":{"start":{"line":18,"column":0},"end":{"line":18,"column":0}},"7":{"start":{"line":19,"column":0},"end":{"line":19,"column":0}},"8":{"start":{"line":22,"column":0},"end":{"line":22,"column":0}},"9":{"start":{"line":23,"column":0},"end":{"line":23,"column":0}},"10":{"start":{"line":24,"column":0},"end":{"line":24,"column":0}},"11":{"start":{"line":25,"column":0},"end":{"line":25,"column":0}},"12":{"start":{"line":27,"column":0},"end":{"line":27,"column":0}},"13":{"start":{"line":30,"column":0},"end":{"line":30,"column":0}},"14":{"start":{"line":31,"column":0},"end":{"line":31,"column":0}},"15":{"start":{"line":32,"column":0},"end":{"line":32,"column":0}},"16":{"start":{"line":33,"column":0},"end":{"line":33,"column":0}},"17":{"start":{"line":34,"column":0},"end":{"line":34,"column":0}},"18":{"start":{"line":35,"column":0},"end":{"line":35,"column":0}},"19":{"start":{"line":36,"column":0},"end":{"line":36,"column":0}},"20":{"start":{"line":38,"column":0},"end":{"line":38,"column":0}},"21":{"start":{"line":40,"column":0},"end":{"line":40,"column":0}},"22":{"start":{"line":41,"column":0},"end":{"line":41,"column":0}}},"l":{"10":9,"11":9,"13":39,"14":6,"15":6,"16":6,"18":9,"19":9,"22":10,"23":10,"24":2,"25":2,"27":8,"30":14,"31":14,"32":101,"33":30,"34":30,"35":1,"36":1,"38":29,"40":13,"41":14},"f":{"0":9,"1":10,"2":14},"fnMap":{"0":{"name":"Core.Common.Implementation.ValidationResult MenuMetadata.Common.Extensions.ValidationExtensions::ToChipotleValidationResult(FluentValidation.Results.ValidationResult)","line":9,"loc":{"start":{"line":9,"col":0},"end":{"line":9,"col":0}}},"1":{"name":"System.Void MenuMetadata.Common.Extensions.ValidationExtensions::ThrowIfInvalid(Core.Common.Implementation.ValidationResult)","line":21,"loc":{"start":{"line":21,"col":0},"end":{"line":21,"col":0}}},"2":{"name":"System.Boolean MenuMetadata.Common.Extensions.ValidationExtensions::IsDistinct(System.Collections.Generic.IEnumerable`1<T>)","line":29,"loc":{"start":{"line":29,"col":0},"end":{"line":29,"col":0}}}},"b":{},"branchMap":{}},"C:\\git\\chipotle\\EnterpriseServices\\MenuMetadataV1\\MenuMetadata.Common\\Constants\\ErrorCodes.cs":{"path":"C:\\git\\chipotle\\EnterpriseServices\\MenuMetadataV1\\MenuMetadata.Common\\Constants\\ErrorCodes.cs","s":{"0":1,"1":1,"2":1},"statementMap":{"0":{"start":{"line":15,"column":0},"end":{"line":15,"column":0}},"1":{"start":{"line":17,"column":0},"end":{"line":17,"column":0}},"2":{"start":{"line":18,"column":0},"end":{"line":18,"column":0}}},"l":{"15":1,"17":1,"18":1},"f":{"0":1},"fnMap":{"0":{"name":"System.String MenuMetadata.Common.Constants.ErrorCodes::GetCode(System.String)","line":14,"loc":{"start":{"line":14,"col":0},"end":{"line":14,"col":0}}}},"b":{},"branchMap":{}},"C:\\git\\chipotle\\EnterpriseServices\\MenuMetadataV1\\MenuMetadata.Common\\Configuration\\CosmosDbConfig.cs":{"path":"C:\\git\\chipotle\\EnterpriseServices\\MenuMetadataV1\\MenuMetadata.Common\\Configuration\\CosmosDbConfig.cs","s":{"0":24,"1":24,"2":35},"statementMap":{"0":{"start":{"line":9,"column":0},"end":{"line":9,"column":0}},"1":{"start":{"line":10,"column":0},"end":{"line":10,"column":0}},"2":{"start":{"line":11,"column":0},"end":{"line":11,"column":0}}},"l":{"9":24,"10":24,"11":35},"f":{"0":24,"1":24,"2":35},"fnMap":{"0":{"name":"System.String MenuMetadata.Common.Configuration.CosmosDbConfig::get_Uri()","line":8,"loc":{"start":{"line":8,"col":0},"end":{"line":8,"col":0}}},"1":{"name":"System.String MenuMetadata.Common.Configuration.CosmosDbConfig::get_Key()","line":9,"loc":{"start":{"line":9,"col":0},"end":{"line":9,"col":0}}},"2":{"name":"System.String MenuMetadata.Common.Configuration.CosmosDbConfig::get_DatabaseId()","line":10,"loc":{"start":{"line":10,"col":0},"end":{"line":10,"col":0}}}},"b":{},"branchMap":{}},"C:\\git\\chipotle\\EnterpriseServices\\MenuMetadataV1\\MenuMetadata.Common\\Configuration\\RedisConfig.cs":{"path":"C:\\git\\chipotle\\EnterpriseServices\\MenuMetadataV1\\MenuMetadata.Common\\Configuration\\RedisConfig.cs","s":{"0":6,"1":6},"statementMap":{"0":{"start":{"line":5,"column":0},"end":{"line":5,"column":0}},"1":{"start":{"line":6,"column":0},"end":{"line":6,"column":0}}},"l":{"5":6,"6":6},"f":{"0":6,"1":6},"fnMap":{"0":{"name":"System.String MenuMetadata.Common.Configuration.RedisConfig::get_ConnectionString()","line":4,"loc":{"start":{"line":4,"col":0},"end":{"line":4,"col":0}}},"1":{"name":"System.Double MenuMetadata.Common.Configuration.RedisConfig::get_MenuMetadataExpiryInMinutes()","line":5,"loc":{"start":{"line":5,"col":0},"end":{"line":5,"col":0}}}},"b":{},"branchMap":{}},"C:\\git\\chipotle\\EnterpriseServices\\MenuMetadataV1\\MenuMetadata.Models\\Entities\\MenuItemGroup.cs":{"path":"C:\\git\\chipotle\\EnterpriseServices\\MenuMetadataV1\\MenuMetadata.Models\\Entities\\MenuItemGroup.cs","s":{"0":66,"1":44,"2":56,"3":41,"4":41,"5":37,"6":37,"7":72,"8":75},"statementMap":{"0":{"start":{"line":10,"column":0},"end":{"line":10,"column":0}},"1":{"start":{"line":12,"column":0},"end":{"line":12,"column":0}},"2":{"start":{"line":14,"column":0},"end":{"line":14,"column":0}},"3":{"start":{"line":16,"column":0},"end":{"line":16,"column":0}},"4":{"start":{"line":18,"column":0},"end":{"line":18,"column":0}},"5":{"start":{"line":20,"column":0},"end":{"line":20,"column":0}},"6":{"start":{"line":22,"column":0},"end":{"line":22,"column":0}},"7":{"start":{"line":24,"column":0},"end":{"line":24,"column":0}},"8":{"start":{"line":26,"column":0},"end":{"line":26,"column":0}}},"l":{"10":66,"12":44,"14":56,"16":41,"18":41,"20":37,"22":37,"24":72,"26":75},"f":{"0":66,"1":44,"2":56,"3":41,"4":41,"5":37,"6":37,"7":72,"8":75},"fnMap":{"0":{"name":"System.String MenuMetadata.Models.Entities.MenuItemGroup::get_Id()","line":9,"loc":{"start":{"line":9,"col":0},"end":{"line":9,"col":0}}},"1":{"name":"System.Boolean MenuMetadata.Models.Entities.MenuItemGroup::get_IsActive()","line":11,"loc":{"start":{"line":11,"col":0},"end":{"line":11,"col":0}}},"2":{"name":"System.String MenuMetadata.Models.Entities.MenuItemGroup::get_DisplayName()","line":13,"loc":{"start":{"line":13,"col":0},"end":{"line":13,"col":0}}},"3":{"name":"System.String MenuMetadata.Models.Entities.MenuItemGroup::get_CreatedBy()","line":15,"loc":{"start":{"line":15,"col":0},"end":{"line":15,"col":0}}},"4":{"name":"System.DateTime MenuMetadata.Models.Entities.MenuItemGroup::get_CreatedTimestamp()","line":17,"loc":{"start":{"line":17,"col":0},"end":{"line":17,"col":0}}},"5":{"name":"System.String MenuMetadata.Models.Entities.MenuItemGroup::get_LastModifiedBy()","line":19,"loc":{"start":{"line":19,"col":0},"end":{"line":19,"col":0}}},"6":{"name":"System.DateTime MenuMetadata.Models.Entities.MenuItemGroup::get_LastModifiedTimestamp()","line":21,"loc":{"start":{"line":21,"col":0},"end":{"line":21,"col":0}}},"7":{"name":"System.Collections.Generic.List`1<MenuMetadata.Models.Entities.MenuItemGroupChannelInfo> MenuMetadata.Models.Entities.MenuItemGroup::get_Channels()","line":23,"loc":{"start":{"line":23,"col":0},"end":{"line":23,"col":0}}},"8":{"name":"System.Collections.Generic.List`1<MenuMetadata.Models.Entities.MenuItemGroupItem> MenuMetadata.Models.Entities.MenuItemGroup::get_Items()","line":25,"loc":{"start":{"line":25,"col":0},"end":{"line":25,"col":0}}}},"b":{},"branchMap":{}},"C:\\git\\chipotle\\EnterpriseServices\\MenuMetadataV1\\MenuMetadata.Models\\Entities\\MenuItemGroupChannelInfo.cs":{"path":"C:\\git\\chipotle\\EnterpriseServices\\MenuMetadataV1\\MenuMetadata.Models\\Entities\\MenuItemGroupChannelInfo.cs","s":{"0":15,"1":12,"2":12,"3":12},"statementMap":{"0":{"start":{"line":5,"column":0},"end":{"line":5,"column":0}},"1":{"start":{"line":7,"column":0},"end":{"line":7,"column":0}},"2":{"start":{"line":9,"column":0},"end":{"line":9,"column":0}},"3":{"start":{"line":10,"column":0},"end":{"line":10,"column":0}}},"l":{"5":15,"7":12,"9":12,"10":12},"f":{"0":15,"1":12,"2":12,"3":12},"fnMap":{"0":{"name":"System.String MenuMetadata.Models.Entities.MenuItemGroupChannelInfo::get_Channel()","line":4,"loc":{"start":{"line":4,"col":0},"end":{"line":4,"col":0}}},"1":{"name":"System.String MenuMetadata.Models.Entities.MenuItemGroupChannelInfo::get_Description()","line":6,"loc":{"start":{"line":6,"col":0},"end":{"line":6,"col":0}}},"2":{"name":"System.String MenuMetadata.Models.Entities.MenuItemGroupChannelInfo::get_ThumbnailImageUrl()","line":8,"loc":{"start":{"line":8,"col":0},"end":{"line":8,"col":0}}},"3":{"name":"System.String MenuMetadata.Models.Entities.MenuItemGroupChannelInfo::get_BannerImageUrl()","line":9,"loc":{"start":{"line":9,"col":0},"end":{"line":9,"col":0}}}},"b":{},"branchMap":{}},"C:\\git\\chipotle\\EnterpriseServices\\MenuMetadataV1\\MenuMetadata.Models\\Entities\\MenuItemGroupItem.cs":{"path":"C:\\git\\chipotle\\EnterpriseServices\\MenuMetadataV1\\MenuMetadata.Models\\Entities\\MenuItemGroupItem.cs","s":{"0":48,"1":48},"statementMap":{"0":{"start":{"line":5,"column":0},"end":{"line":5,"column":0}},"1":{"start":{"line":6,"column":0},"end":{"line":6,"column":0}}},"l":{"5":48,"6":48},"f":{"0":48,"1":48},"fnMap":{"0":{"name":"System.String MenuMetadata.Models.Entities.MenuItemGroupItem::get_Id()","line":4,"loc":{"start":{"line":4,"col":0},"end":{"line":4,"col":0}}},"1":{"name":"System.Int32 MenuMetadata.Models.Entities.MenuItemGroupItem::get_SortOrder()","line":5,"loc":{"start":{"line":5,"col":0},"end":{"line":5,"col":0}}}},"b":{},"branchMap":{}},"C:\\git\\chipotle\\EnterpriseServices\\MenuMetadataV1\\MenuMetadata.Models\\Entities\\MenuItemMetadata.cs":{"path":"C:\\git\\chipotle\\EnterpriseServices\\MenuMetadataV1\\MenuMetadata.Models\\Entities\\MenuItemMetadata.cs","s":{"0":47,"1":56,"2":63,"3":33,"4":33,"5":29,"6":29,"7":70},"statementMap":{"0":{"start":{"line":10,"column":0},"end":{"line":10,"column":0}},"1":{"start":{"line":11,"column":0},"end":{"line":11,"column":0}},"2":{"start":{"line":13,"column":0},"end":{"line":13,"column":0}},"3":{"start":{"line":15,"column":0},"end":{"line":15,"column":0}},"4":{"start":{"line":17,"column":0},"end":{"line":17,"column":0}},"5":{"start":{"line":19,"column":0},"end":{"line":19,"column":0}},"6":{"start":{"line":21,"column":0},"end":{"line":21,"column":0}},"7":{"start":{"line":23,"column":0},"end":{"line":23,"column":0}}},"l":{"10":47,"11":56,"13":63,"15":33,"17":33,"19":29,"21":29,"23":70},"f":{"0":47,"1":56,"2":63,"3":33,"4":33,"5":29,"6":29,"7":70},"fnMap":{"0":{"name":"System.String MenuMetadata.Models.Entities.MenuItemMetadata::get_Id()","line":9,"loc":{"start":{"line":9,"col":0},"end":{"line":9,"col":0}}},"1":{"name":"System.Boolean MenuMetadata.Models.Entities.MenuItemMetadata::get_IsActive()","line":10,"loc":{"start":{"line":10,"col":0},"end":{"line":10,"col":0}}},"2":{"name":"System.String MenuMetadata.Models.Entities.MenuItemMetadata::get_MenuItemId()","line":12,"loc":{"start":{"line":12,"col":0},"end":{"line":12,"col":0}}},"3":{"name":"System.String MenuMetadata.Models.Entities.MenuItemMetadata::get_CreatedBy()","line":14,"loc":{"start":{"line":14,"col":0},"end":{"line":14,"col":0}}},"4":{"name":"System.DateTime MenuMetadata.Models.Entities.MenuItemMetadata::get_CreatedTimestamp()","line":16,"loc":{"start":{"line":16,"col":0},"end":{"line":16,"col":0}}},"5":{"name":"System.String MenuMetadata.Models.Entities.MenuItemMetadata::get_LastModifiedBy()","line":18,"loc":{"start":{"line":18,"col":0},"end":{"line":18,"col":0}}},"6":{"name":"System.DateTime MenuMetadata.Models.Entities.MenuItemMetadata::get_LastModifiedTimestamp()","line":20,"loc":{"start":{"line":20,"col":0},"end":{"line":20,"col":0}}},"7":{"name":"System.Collections.Generic.List`1<MenuMetadata.Models.Entities.MenuItemMetadataChannelInfo> MenuMetadata.Models.Entities.MenuItemMetadata::get_Channels()","line":22,"loc":{"start":{"line":22,"col":0},"end":{"line":22,"col":0}}}},"b":{},"branchMap":{}},"C:\\git\\chipotle\\EnterpriseServices\\MenuMetadataV1\\MenuMetadata.Models\\Entities\\MenuItemMetadataChannelInfo.cs":{"path":"C:\\git\\chipotle\\EnterpriseServices\\MenuMetadataV1\\MenuMetadata.Models\\Entities\\MenuItemMetadataChannelInfo.cs","s":{"0":44,"1":38},"statementMap":{"0":{"start":{"line":5,"column":0},"end":{"line":5,"column":0}},"1":{"start":{"line":7,"column":0},"end":{"line":7,"column":0}}},"l":{"5":44,"7":38},"f":{"0":44,"1":38},"fnMap":{"0":{"name":"System.String MenuMetadata.Models.Entities.MenuItemMetadataChannelInfo::get_Channel()","line":4,"loc":{"start":{"line":4,"col":0},"end":{"line":4,"col":0}}},"1":{"name":"System.String MenuMetadata.Models.Entities.MenuItemMetadataChannelInfo::get_ThumbnailUrl()","line":6,"loc":{"start":{"line":6,"col":0},"end":{"line":6,"col":0}}}},"b":{},"branchMap":{}},"C:\\git\\chipotle\\EnterpriseServices\\MenuMetadataV1\\MenuMetadata.Models\\Entities\\TopLevelMenu.cs":{"path":"C:\\git\\chipotle\\EnterpriseServices\\MenuMetadataV1\\MenuMetadata.Models\\Entities\\TopLevelMenu.cs","s":{"0":19,"1":25,"2":36,"3":19,"4":19,"5":21,"6":21,"7":26},"statementMap":{"0":{"start":{"line":10,"column":0},"end":{"line":10,"column":0}},"1":{"start":{"line":12,"column":0},"end":{"line":12,"column":0}},"2":{"start":{"line":14,"column":0},"end":{"line":14,"column":0}},"3":{"start":{"line":16,"column":0},"end":{"line":16,"column":0}},"4":{"start":{"line":18,"column":0},"end":{"line":18,"column":0}},"5":{"start":{"line":20,"column":0},"end":{"line":20,"column":0}},"6":{"start":{"line":22,"column":0},"end":{"line":22,"column":0}},"7":{"start":{"line":24,"column":0},"end":{"line":24,"column":0}}},"l":{"10":19,"12":25,"14":36,"16":19,"18":19,"20":21,"22":21,"24":26},"f":{"0":19,"1":25,"2":36,"3":19,"4":19,"5":21,"6":21,"7":26},"fnMap":{"0":{"name":"System.String MenuMetadata.Models.Entities.TopLevelMenu::get_Id()","line":9,"loc":{"start":{"line":9,"col":0},"end":{"line":9,"col":0}}},"1":{"name":"System.Boolean MenuMetadata.Models.Entities.TopLevelMenu::get_IsActive()","line":11,"loc":{"start":{"line":11,"col":0},"end":{"line":11,"col":0}}},"2":{"name":"System.String MenuMetadata.Models.Entities.TopLevelMenu::get_Channel()","line":13,"loc":{"start":{"line":13,"col":0},"end":{"line":13,"col":0}}},"3":{"name":"System.String MenuMetadata.Models.Entities.TopLevelMenu::get_CreatedBy()","line":15,"loc":{"start":{"line":15,"col":0},"end":{"line":15,"col":0}}},"4":{"name":"System.DateTime MenuMetadata.Models.Entities.TopLevelMenu::get_CreatedTimestamp()","line":17,"loc":{"start":{"line":17,"col":0},"end":{"line":17,"col":0}}},"5":{"name":"System.String MenuMetadata.Models.Entities.TopLevelMenu::get_LastModifiedBy()","line":19,"loc":{"start":{"line":19,"col":0},"end":{"line":19,"col":0}}},"6":{"name":"System.DateTime MenuMetadata.Models.Entities.TopLevelMenu::get_LastModifiedTimestamp()","line":21,"loc":{"start":{"line":21,"col":0},"end":{"line":21,"col":0}}},"7":{"name":"System.Collections.Generic.List`1<MenuMetadata.Models.Entities.TopLevelMenuGroup> MenuMetadata.Models.Entities.TopLevelMenu::get_Groups()","line":23,"loc":{"start":{"line":23,"col":0},"end":{"line":23,"col":0}}}},"b":{},"branchMap":{}},"C:\\git\\chipotle\\EnterpriseServices\\MenuMetadataV1\\MenuMetadata.Models\\Entities\\TopLevelMenuGroup.cs":{"path":"C:\\git\\chipotle\\EnterpriseServices\\MenuMetadataV1\\MenuMetadata.Models\\Entities\\TopLevelMenuGroup.cs","s":{"0":6,"1":4},"statementMap":{"0":{"start":{"line":9,"column":0},"end":{"line":9,"column":0}},"1":{"start":{"line":11,"column":0},"end":{"line":11,"column":0}}},"l":{"9":6,"11":4},"f":{"0":6,"1":4},"fnMap":{"0":{"name":"System.Int32 MenuMetadata.Models.Entities.TopLevelMenuGroup::get_SortOrder()","line":8,"loc":{"start":{"line":8,"col":0},"end":{"line":8,"col":0}}},"1":{"name":"System.String MenuMetadata.Models.Entities.TopLevelMenuGroup::get_MenuItemGroupId()","line":10,"loc":{"start":{"line":10,"col":0},"end":{"line":10,"col":0}}}},"b":{},"branchMap":{}},"C:\\git\\chipotle\\EnterpriseServices\\MenuMetadataV1\\MenuMetadata.Repository\\Implementations\\MenuItemGroupRepository.cs":{"path":"C:\\git\\chipotle\\EnterpriseServices\\MenuMetadataV1\\MenuMetadata.Repository\\Implementations\\MenuItemGroupRepository.cs","s":{"0":9,"1":9,"2":9,"3":9,"4":9,"5":1,"6":1,"7":2,"8":2,"9":2,"10":2,"11":1,"12":1,"13":1,"14":2,"15":2,"16":1,"17":1,"18":1,"19":1,"20":1,"21":1,"22":1,"23":1,"24":1,"25":1,"26":1,"27":1,"28":1,"29":1,"30":1,"31":1,"32":1,"33":1,"34":1,"35":1,"36":1,"37":1,"38":1,"39":1,"40":1,"41":1},"statementMap":{"0":{"start":{"line":29,"column":0},"end":{"line":29,"column":0}},"1":{"start":{"line":30,"column":0},"end":{"line":30,"column":0}},"2":{"start":{"line":31,"column":0},"end":{"line":31,"column":0}},"3":{"start":{"line":32,"column":0},"end":{"line":32,"column":0}},"4":{"start":{"line":33,"column":0},"end":{"line":33,"column":0}},"5":{"start":{"line":23,"column":0},"end":{"line":23,"column":0}},"6":{"start":{"line":24,"column":0},"end":{"line":24,"column":0}},"7":{"start":{"line":36,"column":0},"end":{"line":36,"column":0}},"8":{"start":{"line":37,"column":0},"end":{"line":37,"column":0}},"9":{"start":{"line":38,"column":0},"end":{"line":38,"column":0}},"10":{"start":{"line":40,"column":0},"end":{"line":40,"column":0}},"11":{"start":{"line":41,"column":0},"end":{"line":41,"column":0}},"12":{"start":{"line":42,"column":0},"end":{"line":42,"column":0}},"13":{"start":{"line":43,"column":0},"end":{"line":43,"column":0}},"14":{"start":{"line":45,"column":0},"end":{"line":45,"column":0}},"15":{"start":{"line":46,"column":0},"end":{"line":46,"column":0}},"16":{"start":{"line":49,"column":0},"end":{"line":49,"column":0}},"17":{"start":{"line":50,"column":0},"end":{"line":50,"column":0}},"18":{"start":{"line":51,"column":0},"end":{"line":51,"column":0}},"19":{"start":{"line":53,"column":0},"end":{"line":53,"column":0}},"20":{"start":{"line":54,"column":0},"end":{"line":54,"column":0}},"21":{"start":{"line":57,"column":0},"end":{"line":57,"column":0}},"22":{"start":{"line":58,"column":0},"end":{"line":58,"column":0}},"23":{"start":{"line":59,"column":0},"end":{"line":59,"column":0}},"24":{"start":{"line":61,"column":0},"end":{"line":61,"column":0}},"25":{"start":{"line":62,"column":0},"end":{"line":62,"column":0}},"26":{"start":{"line":65,"column":0},"end":{"line":65,"column":0}},"27":{"start":{"line":66,"column":0},"end":{"line":66,"column":0}},"28":{"start":{"line":67,"column":0},"end":{"line":67,"column":0}},"29":{"start":{"line":68,"column":0},"end":{"line":68,"column":0}},"30":{"start":{"line":69,"column":0},"end":{"line":69,"column":0}},"31":{"start":{"line":71,"column":0},"end":{"line":71,"column":0}},"32":{"start":{"line":72,"column":0},"end":{"line":72,"column":0}},"33":{"start":{"line":73,"column":0},"end":{"line":73,"column":0}},"34":{"start":{"line":76,"column":0},"end":{"line":76,"column":0}},"35":{"start":{"line":77,"column":0},"end":{"line":77,"column":0}},"36":{"start":{"line":78,"column":0},"end":{"line":78,"column":0}},"37":{"start":{"line":79,"column":0},"end":{"line":79,"column":0}},"38":{"start":{"line":80,"column":0},"end":{"line":80,"column":0}},"39":{"start":{"line":82,"column":0},"end":{"line":82,"column":0}},"40":{"start":{"line":83,"column":0},"end":{"line":83,"column":0}},"41":{"start":{"line":84,"column":0},"end":{"line":84,"column":0}}},"l":{"23":1,"24":1,"29":9,"30":9,"31":9,"32":9,"33":9,"36":2,"37":2,"38":2,"40":2,"41":1,"42":1,"43":1,"45":2,"46":2,"49":1,"50":1,"51":1,"53":1,"54":1,"57":1,"58":1,"59":1,"61":1,"62":1,"65":1,"66":1,"67":1,"68":1,"69":1,"71":1,"72":1,"73":1,"76":1,"77":1,"78":1,"79":1,"80":1,"82":1,"83":1,"84":1},"f":{"0":9,"1":1,"2":2,"3":1,"4":1,"5":1,"6":1},"fnMap":{"0":{"name":"System.Void MenuMetadata.Repository.Implementations.MenuItemGroupRepository::.ctor(MenuMetadata.Common.Configuration.CosmosDbConfig","line":28,"loc":{"start":{"line":28,"col":0},"end":{"line":28,"col":0}}},"1":{"name":"System.Void MenuMetadata.Repository.Implementations.MenuItemGroupRepository::.cctor()","line":22,"loc":{"start":{"line":22,"col":0},"end":{"line":22,"col":0}}},"2":{"name":"System.Void MenuMetadata.Repository.Implementations.MenuItemGroupRepository/<GetAllMenuItemGroupsAsync>d__7::MoveNext()","line":35,"loc":{"start":{"line":35,"col":0},"end":{"line":35,"col":0}}},"3":{"name":"System.Void MenuMetadata.Repository.Implementations.MenuItemGroupRepository/<CreateMenuItemGroupAsync>d__8::MoveNext()","line":48,"loc":{"start":{"line":48,"col":0},"end":{"line":48,"col":0}}},"4":{"name":"System.Void MenuMetadata.Repository.Implementations.MenuItemGroupRepository/<UpdateMenuItemGroupAsync>d__9::MoveNext()","line":56,"loc":{"start":{"line":56,"col":0},"end":{"line":56,"col":0}}},"5":{"name":"System.Void MenuMetadata.Repository.Implementations.MenuItemGroupRepository/<GetMenuItemGroupByDisplayNameAsync>d__10::MoveNext()","line":64,"loc":{"start":{"line":64,"col":0},"end":{"line":64,"col":0}}},"6":{"name":"System.Void MenuMetadata.Repository.Implementations.MenuItemGroupRepository/<GetMenuItemGroupByIdAsync>d__11::MoveNext()","line":75,"loc":{"start":{"line":75,"col":0},"end":{"line":75,"col":0}}}},"b":{},"branchMap":{}},"C:\\git\\chipotle\\EnterpriseServices\\MenuMetadataV1\\MenuMetadata.Repository\\Implementations\\MenuItemMetadataRepository.cs":{"path":"C:\\git\\chipotle\\EnterpriseServices\\MenuMetadataV1\\MenuMetadata.Repository\\Implementations\\MenuItemMetadataRepository.cs","s":{"0":8,"1":8,"2":8,"3":8,"4":8,"5":1,"6":1,"7":2,"8":2,"9":2,"10":2,"11":1,"12":1,"13":1,"14":2,"15":2,"16":1,"17":1,"18":1,"19":1,"20":1,"21":1,"22":1,"23":1,"24":1,"25":1,"26":1,"27":1,"28":1,"29":1,"30":1,"31":1,"32":1,"33":1,"34":1,"35":1,"36":1,"37":1,"38":1,"39":1,"40":1,"41":1},"statementMap":{"0":{"start":{"line":29,"column":0},"end":{"line":29,"column":0}},"1":{"start":{"line":30,"column":0},"end":{"line":30,"column":0}},"2":{"start":{"line":31,"column":0},"end":{"line":31,"column":0}},"3":{"start":{"line":32,"column":0},"end":{"line":32,"column":0}},"4":{"start":{"line":33,"column":0},"end":{"line":33,"column":0}},"5":{"start":{"line":23,"column":0},"end":{"line":23,"column":0}},"6":{"start":{"line":24,"column":0},"end":{"line":24,"column":0}},"7":{"start":{"line":36,"column":0},"end":{"line":36,"column":0}},"8":{"start":{"line":37,"column":0},"end":{"line":37,"column":0}},"9":{"start":{"line":38,"column":0},"end":{"line":38,"column":0}},"10":{"start":{"line":40,"column":0},"end":{"line":40,"column":0}},"11":{"start":{"line":41,"column":0},"end":{"line":41,"column":0}},"12":{"start":{"line":42,"column":0},"end":{"line":42,"column":0}},"13":{"start":{"line":43,"column":0},"end":{"line":43,"column":0}},"14":{"start":{"line":45,"column":0},"end":{"line":45,"column":0}},"15":{"start":{"line":46,"column":0},"end":{"line":46,"column":0}},"16":{"start":{"line":49,"column":0},"end":{"line":49,"column":0}},"17":{"start":{"line":50,"column":0},"end":{"line":50,"column":0}},"18":{"start":{"line":51,"column":0},"end":{"line":51,"column":0}},"19":{"start":{"line":53,"column":0},"end":{"line":53,"column":0}},"20":{"start":{"line":54,"column":0},"end":{"line":54,"column":0}},"21":{"start":{"line":57,"column":0},"end":{"line":57,"column":0}},"22":{"start":{"line":58,"column":0},"end":{"line":58,"column":0}},"23":{"start":{"line":59,"column":0},"end":{"line":59,"column":0}},"24":{"start":{"line":61,"column":0},"end":{"line":61,"column":0}},"25":{"start":{"line":62,"column":0},"end":{"line":62,"column":0}},"26":{"start":{"line":65,"column":0},"end":{"line":65,"column":0}},"27":{"start":{"line":66,"column":0},"end":{"line":66,"column":0}},"28":{"start":{"line":67,"column":0},"end":{"line":67,"column":0}},"29":{"start":{"line":68,"column":0},"end":{"line":68,"column":0}},"30":{"start":{"line":69,"column":0},"end":{"line":69,"column":0}},"31":{"start":{"line":71,"column":0},"end":{"line":71,"column":0}},"32":{"start":{"line":72,"column":0},"end":{"line":72,"column":0}},"33":{"start":{"line":73,"column":0},"end":{"line":73,"column":0}},"34":{"start":{"line":76,"column":0},"end":{"line":76,"column":0}},"35":{"start":{"line":77,"column":0},"end":{"line":77,"column":0}},"36":{"start":{"line":78,"column":0},"end":{"line":78,"column":0}},"37":{"start":{"line":79,"column":0},"end":{"line":79,"column":0}},"38":{"start":{"line":80,"column":0},"end":{"line":80,"column":0}},"39":{"start":{"line":82,"column":0},"end":{"line":82,"column":0}},"40":{"start":{"line":83,"column":0},"end":{"line":83,"column":0}},"41":{"start":{"line":84,"column":0},"end":{"line":84,"column":0}}},"l":{"23":1,"24":1,"29":8,"30":8,"31":8,"32":8,"33":8,"36":2,"37":2,"38":2,"40":2,"41":1,"42":1,"43":1,"45":2,"46":2,"49":1,"50":1,"51":1,"53":1,"54":1,"57":1,"58":1,"59":1,"61":1,"62":1,"65":1,"66":1,"67":1,"68":1,"69":1,"71":1,"72":1,"73":1,"76":1,"77":1,"78":1,"79":1,"80":1,"82":1,"83":1,"84":1},"f":{"0":8,"1":1,"2":2,"3":1,"4":1,"5":1,"6":1},"fnMap":{"0":{"name":"System.Void MenuMetadata.Repository.Implementations.MenuItemMetadataRepository::.ctor(MenuMetadata.Common.Configuration.CosmosDbConfig","line":28,"loc":{"start":{"line":28,"col":0},"end":{"line":28,"col":0}}},"1":{"name":"System.Void MenuMetadata.Repository.Implementations.MenuItemMetadataRepository::.cctor()","line":22,"loc":{"start":{"line":22,"col":0},"end":{"line":22,"col":0}}},"2":{"name":"System.Void MenuMetadata.Repository.Implementations.MenuItemMetadataRepository/<GetAllMenuItemMetadataAsync>d__7::MoveNext()","line":35,"loc":{"start":{"line":35,"col":0},"end":{"line":35,"col":0}}},"3":{"name":"System.Void MenuMetadata.Repository.Implementations.MenuItemMetadataRepository/<CreateMenuItemMetadataAsync>d__8::MoveNext()","line":48,"loc":{"start":{"line":48,"col":0},"end":{"line":48,"col":0}}},"4":{"name":"System.Void MenuMetadata.Repository.Implementations.MenuItemMetadataRepository/<UpdateMenuItemMetadataAsync>d__9::MoveNext()","line":56,"loc":{"start":{"line":56,"col":0},"end":{"line":56,"col":0}}},"5":{"name":"System.Void MenuMetadata.Repository.Implementations.MenuItemMetadataRepository/<GetMenuItemMetadataByMenuItemIdAsync>d__10::MoveNext()","line":64,"loc":{"start":{"line":64,"col":0},"end":{"line":64,"col":0}}},"6":{"name":"System.Void MenuMetadata.Repository.Implementations.MenuItemMetadataRepository/<GetMenuItemMetadataByIdAsync>d__11::MoveNext()","line":75,"loc":{"start":{"line":75,"col":0},"end":{"line":75,"col":0}}}},"b":{},"branchMap":{}},"C:\\git\\chipotle\\EnterpriseServices\\MenuMetadataV1\\MenuMetadata.Repository\\Helpers\\CosmosDbHelper.cs":{"path":"C:\\git\\chipotle\\EnterpriseServices\\MenuMetadataV1\\MenuMetadata.Repository\\Helpers\\CosmosDbHelper.cs","s":{"0":5,"1":5,"2":5,"3":5,"4":5,"5":5,"6":5,"7":5,"8":5,"9":11,"10":11,"11":11,"12":11,"13":11,"14":11,"15":11,"16":11,"17":11},"statementMap":{"0":{"start":{"line":40,"column":0},"end":{"line":40,"column":0}},"1":{"start":{"line":41,"column":0},"end":{"line":41,"column":0}},"2":{"start":{"line":42,"column":0},"end":{"line":42,"column":0}},"3":{"start":{"line":43,"column":0},"end":{"line":43,"column":0}},"4":{"start":{"line":44,"column":0},"end":{"line":44,"column":0}},"5":{"start":{"line":46,"column":0},"end":{"line":46,"column":0}},"6":{"start":{"line":47,"column":0},"end":{"line":47,"column":0}},"7":{"start":{"line":48,"column":0},"end":{"line":48,"column":0}},"8":{"start":{"line":51,"column":0},"end":{"line":51,"column":0}},"9":{"start":{"line":26,"column":0},"end":{"line":26,"column":0}},"10":{"start":{"line":27,"column":0},"end":{"line":27,"column":0}},"11":{"start":{"line":30,"column":0},"end":{"line":30,"column":0}},"12":{"start":{"line":31,"column":0},"end":{"line":31,"column":0}},"13":{"start":{"line":32,"column":0},"end":{"line":32,"column":0}},"14":{"start":{"line":33,"column":0},"end":{"line":33,"column":0}},"15":{"start":{"line":34,"column":0},"end":{"line":34,"column":0}},"16":{"start":{"line":36,"column":0},"end":{"line":36,"column":0}},"17":{"start":{"line":37,"column":0},"end":{"line":37,"column":0}}},"l":{"26":11,"27":11,"30":11,"31":11,"32":11,"33":11,"34":11,"36":11,"37":11,"40":5,"41":5,"42":5,"43":5,"44":5,"46":5,"47":5,"48":5,"51":5},"f":{"0":5,"1":11},"fnMap":{"0":{"name":"T MenuMetadata.Repository.Helpers.CosmosDbHelper::ConvertDocumentToType(Microsoft.Azure.Documents.Document)","line":39,"loc":{"start":{"line":39,"col":0},"end":{"line":39,"col":0}}},"1":{"name":"System.Void MenuMetadata.Repository.Helpers.CosmosDbHelper/<GetAllQueryResultsAsync>d__0`1::MoveNext()","line":25,"loc":{"start":{"line":25,"col":0},"end":{"line":25,"col":0}}}},"b":{},"branchMap":{}},"C:\\git\\chipotle\\EnterpriseServices\\MenuMetadataV1\\MenuMetadata.Service\\Validators\\AuditableEntityValidator.cs":{"path":"C:\\git\\chipotle\\EnterpriseServices\\MenuMetadataV1\\MenuMetadata.Service\\Validators\\AuditableEntityValidator.cs","s":{"0":3,"1":3,"2":3,"3":3,"4":3,"5":3,"6":3},"statementMap":{"0":{"start":{"line":8,"column":0},"end":{"line":8,"column":0}},"1":{"start":{"line":9,"column":0},"end":{"line":9,"column":0}},"2":{"start":{"line":10,"column":0},"end":{"line":10,"column":0}},"3":{"start":{"line":11,"column":0},"end":{"line":11,"column":0}},"4":{"start":{"line":12,"column":0},"end":{"line":12,"column":0}},"5":{"start":{"line":13,"column":0},"end":{"line":13,"column":0}},"6":{"start":{"line":14,"column":0},"end":{"line":14,"column":0}}},"l":{"8":3,"9":3,"10":3,"11":3,"12":3,"13":3,"14":3},"f":{"0":3},"fnMap":{"0":{"name":"System.Void MenuMetadata.Service.Validators.AuditableEntityValidator::.ctor()","line":7,"loc":{"start":{"line":7,"col":0},"end":{"line":7,"col":0}}}},"b":{},"branchMap":{}},"C:\\git\\chipotle\\EnterpriseServices\\MenuMetadataV1\\MenuMetadata.Service\\Validators\\MenuItemGroupValidator.cs":{"path":"C:\\git\\chipotle\\EnterpriseServices\\MenuMetadataV1\\MenuMetadata.Service\\Validators\\MenuItemGroupValidator.cs","s":{"0":1,"1":1,"2":1,"3":1,"4":1,"5":1,"6":7,"7":1,"8":12,"9":12,"10":1,"11":1,"12":1,"13":1,"14":1,"15":1,"16":1,"17":1,"18":1,"19":1,"20":9,"21":1,"22":1},"statementMap":{"0":{"start":{"line":13,"column":0},"end":{"line":13,"column":0}},"1":{"start":{"line":14,"column":0},"end":{"line":14,"column":0}},"2":{"start":{"line":15,"column":0},"end":{"line":15,"column":0}},"3":{"start":{"line":17,"column":0},"end":{"line":17,"column":0}},"4":{"start":{"line":18,"column":0},"end":{"line":18,"column":0}},"5":{"start":{"line":20,"column":0},"end":{"line":20,"column":0}},"6":{"start":{"line":21,"column":0},"end":{"line":21,"column":0}},"7":{"start":{"line":23,"column":0},"end":{"line":23,"column":0}},"8":{"start":{"line":24,"column":0},"end":{"line":24,"column":0}},"9":{"start":{"line":25,"column":0},"end":{"line":25,"column":0}},"10":{"start":{"line":26,"column":0},"end":{"line":26,"column":0}},"11":{"start":{"line":30,"column":0},"end":{"line":30,"column":0}},"12":{"start":{"line":31,"column":0},"end":{"line":31,"column":0}},"13":{"start":{"line":32,"column":0},"end":{"line":32,"column":0}},"14":{"start":{"line":33,"column":0},"end":{"line":33,"column":0}},"15":{"start":{"line":34,"column":0},"end":{"line":34,"column":0}},"16":{"start":{"line":35,"column":0},"end":{"line":35,"column":0}},"17":{"start":{"line":36,"column":0},"end":{"line":36,"column":0}},"18":{"start":{"line":41,"column":0},"end":{"line":41,"column":0}},"19":{"start":{"line":42,"column":0},"end":{"line":42,"column":0}},"20":{"start":{"line":43,"column":0},"end":{"line":43,"column":0}},"21":{"start":{"line":44,"column":0},"end":{"line":44,"column":0}},"22":{"start":{"line":45,"column":0},"end":{"line":45,"column":0}}},"l":{"13":1,"14":1,"15":1,"17":1,"18":1,"20":1,"21":7,"23":1,"24":12,"25":12,"26":1,"30":1,"31":1,"32":1,"33":1,"34":1,"35":1,"36":1,"41":1,"42":1,"43":9,"44":1,"45":1},"f":{"0":1,"1":1,"2":1},"fnMap":{"0":{"name":"System.Void MenuMetadata.Service.Validators.MenuItemGroupValidator::.ctor()","line":12,"loc":{"start":{"line":12,"col":0},"end":{"line":12,"col":0}}},"1":{"name":"System.Void MenuMetadata.Service.Validators.MenuItemGroupValidator/MenuItemGroupChannelInfoValidator::.ctor()","line":29,"loc":{"start":{"line":29,"col":0},"end":{"line":29,"col":0}}},"2":{"name":"System.Void MenuMetadata.Service.Validators.MenuItemGroupValidator/MenuItemGroupItemValidator::.ctor()","line":40,"loc":{"start":{"line":40,"col":0},"end":{"line":40,"col":0}}}},"b":{},"branchMap":{}},"C:\\git\\chipotle\\EnterpriseServices\\MenuMetadataV1\\MenuMetadata.Service\\Validators\\MenuItemMetadataValidator.cs":{"path":"C:\\git\\chipotle\\EnterpriseServices\\MenuMetadataV1\\MenuMetadata.Service\\Validators\\MenuItemMetadataValidator.cs","s":{"0":1,"1":1,"2":1,"3":1,"4":4,"5":1,"6":10,"7":1,"8":1,"9":1,"10":1,"11":1,"12":1},"statementMap":{"0":{"start":{"line":10,"column":0},"end":{"line":10,"column":0}},"1":{"start":{"line":11,"column":0},"end":{"line":11,"column":0}},"2":{"start":{"line":12,"column":0},"end":{"line":12,"column":0}},"3":{"start":{"line":14,"column":0},"end":{"line":14,"column":0}},"4":{"start":{"line":15,"column":0},"end":{"line":15,"column":0}},"5":{"start":{"line":17,"column":0},"end":{"line":17,"column":0}},"6":{"start":{"line":18,"column":0},"end":{"line":18,"column":0}},"7":{"start":{"line":19,"column":0},"end":{"line":19,"column":0}},"8":{"start":{"line":23,"column":0},"end":{"line":23,"column":0}},"9":{"start":{"line":24,"column":0},"end":{"line":24,"column":0}},"10":{"start":{"line":25,"column":0},"end":{"line":25,"column":0}},"11":{"start":{"line":26,"column":0},"end":{"line":26,"column":0}},"12":{"start":{"line":27,"column":0},"end":{"line":27,"column":0}}},"l":{"10":1,"11":1,"12":1,"14":1,"15":4,"17":1,"18":10,"19":1,"23":1,"24":1,"25":1,"26":1,"27":1},"f":{"0":1,"1":1},"fnMap":{"0":{"name":"System.Void MenuMetadata.Service.Validators.MenuItemMetadataValidator::.ctor()","line":9,"loc":{"start":{"line":9,"col":0},"end":{"line":9,"col":0}}},"1":{"name":"System.Void MenuMetadata.Service.Validators.MenuItemMetadataValidator/MenuItemMetadataChannelInfoValidator::.ctor()","line":22,"loc":{"start":{"line":22,"col":0},"end":{"line":22,"col":0}}}},"b":{},"branchMap":{}},"C:\\git\\chipotle\\EnterpriseServices\\MenuMetadataV1\\MenuMetadata.Service\\Validators\\TopLevelMenuValidator.cs":{"path":"C:\\git\\chipotle\\EnterpriseServices\\MenuMetadataV1\\MenuMetadata.Service\\Validators\\TopLevelMenuValidator.cs","s":{"0":1,"1":1,"2":1,"3":1,"4":1,"5":1,"6":1,"7":1,"8":0,"9":0,"10":0,"11":0,"12":0},"statementMap":{"0":{"start":{"line":11,"column":0},"end":{"line":11,"column":0}},"1":{"start":{"line":12,"column":0},"end":{"line":12,"column":0}},"2":{"start":{"line":13,"column":0},"end":{"line":13,"column":0}},"3":{"start":{"line":15,"column":0},"end":{"line":15,"column":0}},"4":{"start":{"line":16,"column":0},"end":{"line":16,"column":0}},"5":{"start":{"line":17,"column":0},"end":{"line":17,"column":0}},"6":{"start":{"line":18,"column":0},"end":{"line":18,"column":0}},"7":{"start":{"line":19,"column":0},"end":{"line":19,"column":0}},"8":{"start":{"line":23,"column":0},"end":{"line":23,"column":0}},"9":{"start":{"line":24,"column":0},"end":{"line":24,"column":0}},"10":{"start":{"line":25,"column":0},"end":{"line":25,"column":0}},"11":{"start":{"line":26,"column":0},"end":{"line":26,"column":0}},"12":{"start":{"line":27,"column":0},"end":{"line":27,"column":0}}},"l":{"11":1,"12":1,"13":1,"15":1,"16":1,"17":1,"18":1,"19":1,"23":0,"24":0,"25":0,"26":0,"27":0},"f":{"0":1,"1":0},"fnMap":{"0":{"name":"System.Void MenuMetadata.Service.Validators.TopLevelMenuValidator::.ctor()","line":10,"loc":{"start":{"line":10,"col":0},"end":{"line":10,"col":0}}},"1":{"name":"System.Void MenuMetadata.Service.Validators.TopLevelMenuValidator/TopLevelMenuGroupValidator::.ctor()","line":22,"loc":{"start":{"line":22,"col":0},"end":{"line":22,"col":0}}}},"b":{},"branchMap":{}},"C:\\git\\chipotle\\EnterpriseServices\\MenuMetadataV1\\MenuMetadata.Service\\Responses\\AuditableResponse.cs":{"path":"C:\\git\\chipotle\\EnterpriseServices\\MenuMetadataV1\\MenuMetadata.Service\\Responses\\AuditableResponse.cs","s":{"0":50,"1":50,"2":50,"3":50},"statementMap":{"0":{"start":{"line":9,"column":0},"end":{"line":9,"column":0}},"1":{"start":{"line":12,"column":0},"end":{"line":12,"column":0}},"2":{"start":{"line":15,"column":0},"end":{"line":15,"column":0}},"3":{"start":{"line":18,"column":0},"end":{"line":18,"column":0}}},"l":{"9":50,"12":50,"15":50,"18":50},"f":{"0":50,"1":50,"2":50,"3":50},"fnMap":{"0":{"name":"System.String MenuMetadata.Service.Responses.AuditableResponse::get_CreatedBy()","line":8,"loc":{"start":{"line":8,"col":0},"end":{"line":8,"col":0}}},"1":{"name":"System.Nullable`1<System.DateTime> MenuMetadata.Service.Responses.AuditableResponse::get_CreatedTimestamp()","line":11,"loc":{"start":{"line":11,"col":0},"end":{"line":11,"col":0}}},"2":{"name":"System.String MenuMetadata.Service.Responses.AuditableResponse::get_LastModifiedBy()","line":14,"loc":{"start":{"line":14,"col":0},"end":{"line":14,"col":0}}},"3":{"name":"System.Nullable`1<System.DateTime> MenuMetadata.Service.Responses.AuditableResponse::get_LastModifiedTimestamp()","line":17,"loc":{"start":{"line":17,"col":0},"end":{"line":17,"col":0}}}},"b":{},"branchMap":{}},"C:\\git\\chipotle\\EnterpriseServices\\MenuMetadataV1\\MenuMetadata.Service\\Responses\\MenuItemGroupChannelInfoDto.cs":{"path":"C:\\git\\chipotle\\EnterpriseServices\\MenuMetadataV1\\MenuMetadata.Service\\Responses\\MenuItemGroupChannelInfoDto.cs","s":{"0":12,"1":12,"2":12,"3":12},"statementMap":{"0":{"start":{"line":5,"column":0},"end":{"line":5,"column":0}},"1":{"start":{"line":7,"column":0},"end":{"line":7,"column":0}},"2":{"start":{"line":9,"column":0},"end":{"line":9,"column":0}},"3":{"start":{"line":10,"column":0},"end":{"line":10,"column":0}}},"l":{"5":12,"7":12,"9":12,"10":12},"f":{"0":12,"1":12,"2":12,"3":12},"fnMap":{"0":{"name":"System.String MenuMetadata.Service.Responses.MenuItemGroupChannelInfoDto::get_Channel()","line":4,"loc":{"start":{"line":4,"col":0},"end":{"line":4,"col":0}}},"1":{"name":"System.String MenuMetadata.Service.Responses.MenuItemGroupChannelInfoDto::get_Description()","line":6,"loc":{"start":{"line":6,"col":0},"end":{"line":6,"col":0}}},"2":{"name":"System.String MenuMetadata.Service.Responses.MenuItemGroupChannelInfoDto::get_ThumbnailImageUrl()","line":8,"loc":{"start":{"line":8,"col":0},"end":{"line":8,"col":0}}},"3":{"name":"System.String MenuMetadata.Service.Responses.MenuItemGroupChannelInfoDto::get_BannerImageUrl()","line":9,"loc":{"start":{"line":9,"col":0},"end":{"line":9,"col":0}}}},"b":{},"branchMap":{}},"C:\\git\\chipotle\\EnterpriseServices\\MenuMetadataV1\\MenuMetadata.Service\\Responses\\MenuItemGroupDto.cs":{"path":"C:\\git\\chipotle\\EnterpriseServices\\MenuMetadataV1\\MenuMetadata.Service\\Responses\\MenuItemGroupDto.cs","s":{"0":29,"1":20,"2":28,"3":44,"4":44},"statementMap":{"0":{"start":{"line":8,"column":0},"end":{"line":8,"column":0}},"1":{"start":{"line":9,"column":0},"end":{"line":9,"column":0}},"2":{"start":{"line":11,"column":0},"end":{"line":11,"column":0}},"3":{"start":{"line":13,"column":0},"end":{"line":13,"column":0}},"4":{"start":{"line":15,"column":0},"end":{"line":15,"column":0}}},"l":{"8":29,"9":20,"11":28,"13":44,"15":44},"f":{"0":29,"1":20,"2":28,"3":44,"4":44},"fnMap":{"0":{"name":"System.String MenuMetadata.Service.Responses.MenuItemGroupDto::get_Id()","line":7,"loc":{"start":{"line":7,"col":0},"end":{"line":7,"col":0}}},"1":{"name":"System.Boolean MenuMetadata.Service.Responses.MenuItemGroupDto::get_IsActive()","line":8,"loc":{"start":{"line":8,"col":0},"end":{"line":8,"col":0}}},"2":{"name":"System.String MenuMetadata.Service.Responses.MenuItemGroupDto::get_DisplayName()","line":10,"loc":{"start":{"line":10,"col":0},"end":{"line":10,"col":0}}},"3":{"name":"System.Collections.Generic.IEnumerable`1<MenuMetadata.Service.Responses.MenuItemGroupChannelInfoDto> MenuMetadata.Service.Responses.MenuItemGroupDto::get_Channels()","line":12,"loc":{"start":{"line":12,"col":0},"end":{"line":12,"col":0}}},"4":{"name":"System.Collections.Generic.IEnumerable`1<MenuMetadata.Service.Responses.MenuItemGroupItemDto> MenuMetadata.Service.Responses.MenuItemGroupDto::get_Items()","line":14,"loc":{"start":{"line":14,"col":0},"end":{"line":14,"col":0}}}},"b":{},"branchMap":{}},"C:\\git\\chipotle\\EnterpriseServices\\MenuMetadataV1\\MenuMetadata.Service\\Responses\\MenuItemGroupForChannelDto.cs":{"path":"C:\\git\\chipotle\\EnterpriseServices\\MenuMetadataV1\\MenuMetadata.Service\\Responses\\MenuItemGroupForChannelDto.cs","s":{"0":0,"1":0,"2":0,"3":0,"4":0,"5":0},"statementMap":{"0":{"start":{"line":8,"column":0},"end":{"line":8,"column":0}},"1":{"start":{"line":10,"column":0},"end":{"line":10,"column":0}},"2":{"start":{"line":11,"column":0},"end":{"line":11,"column":0}},"3":{"start":{"line":13,"column":0},"end":{"line":13,"column":0}},"4":{"start":{"line":14,"column":0},"end":{"line":14,"column":0}},"5":{"start":{"line":16,"column":0},"end":{"line":16,"column":0}}},"l":{"8":0,"10":0,"11":0,"13":0,"14":0,"16":0},"f":{"0":0,"1":0,"2":0,"3":0,"4":0,"5":0},"fnMap":{"0":{"name":"System.String MenuMetadata.Service.Responses.MenuItemGroupForChannelDto::get_Id()","line":7,"loc":{"start":{"line":7,"col":0},"end":{"line":7,"col":0}}},"1":{"name":"System.String MenuMetadata.Service.Responses.MenuItemGroupForChannelDto::get_DisplayName()","line":9,"loc":{"start":{"line":9,"col":0},"end":{"line":9,"col":0}}},"2":{"name":"System.String MenuMetadata.Service.Responses.MenuItemGroupForChannelDto::get_Description()","line":10,"loc":{"start":{"line":10,"col":0},"end":{"line":10,"col":0}}},"3":{"name":"System.String MenuMetadata.Service.Responses.MenuItemGroupForChannelDto::get_ThumbnailImageUrl()","line":12,"loc":{"start":{"line":12,"col":0},"end":{"line":12,"col":0}}},"4":{"name":"System.String MenuMetadata.Service.Responses.MenuItemGroupForChannelDto::get_BannerImageUrl()","line":13,"loc":{"start":{"line":13,"col":0},"end":{"line":13,"col":0}}},"5":{"name":"System.Collections.Generic.IEnumerable`1<MenuMetadata.Service.Responses.MenuItemGroupItemDto> MenuMetadata.Service.Responses.MenuItemGroupForChannelDto::get_Items()","line":15,"loc":{"start":{"line":15,"col":0},"end":{"line":15,"col":0}}}},"b":{},"branchMap":{}},"C:\\git\\chipotle\\EnterpriseServices\\MenuMetadataV1\\MenuMetadata.Service\\Responses\\MenuItemGroupItemDto.cs":{"path":"C:\\git\\chipotle\\EnterpriseServices\\MenuMetadataV1\\MenuMetadata.Service\\Responses\\MenuItemGroupItemDto.cs","s":{"0":34,"1":34},"statementMap":{"0":{"start":{"line":5,"column":0},"end":{"line":5,"column":0}},"1":{"start":{"line":6,"column":0},"end":{"line":6,"column":0}}},"l":{"5":34,"6":34},"f":{"0":34,"1":34},"fnMap":{"0":{"name":"System.String MenuMetadata.Service.Responses.MenuItemGroupItemDto::get_Id()","line":4,"loc":{"start":{"line":4,"col":0},"end":{"line":4,"col":0}}},"1":{"name":"System.Int32 MenuMetadata.Service.Responses.MenuItemGroupItemDto::get_SortOrder()","line":5,"loc":{"start":{"line":5,"col":0},"end":{"line":5,"col":0}}}},"b":{},"branchMap":{}},"C:\\git\\chipotle\\EnterpriseServices\\MenuMetadataV1\\MenuMetadata.Service\\Responses\\MenuItemMetadataChannelInfoDto.cs":{"path":"C:\\git\\chipotle\\EnterpriseServices\\MenuMetadataV1\\MenuMetadata.Service\\Responses\\MenuItemMetadataChannelInfoDto.cs","s":{"0":22,"1":22},"statementMap":{"0":{"start":{"line":5,"column":0},"end":{"line":5,"column":0}},"1":{"start":{"line":7,"column":0},"end":{"line":7,"column":0}}},"l":{"5":22,"7":22},"f":{"0":22,"1":22},"fnMap":{"0":{"name":"System.String MenuMetadata.Service.Responses.MenuItemMetadataChannelInfoDto::get_Channel()","line":4,"loc":{"start":{"line":4,"col":0},"end":{"line":4,"col":0}}},"1":{"name":"System.String MenuMetadata.Service.Responses.MenuItemMetadataChannelInfoDto::get_ThumbnailUrl()","line":6,"loc":{"start":{"line":6,"col":0},"end":{"line":6,"col":0}}}},"b":{},"branchMap":{}},"C:\\git\\chipotle\\EnterpriseServices\\MenuMetadataV1\\MenuMetadata.Service\\Responses\\MenuItemMetadataDto.cs":{"path":"C:\\git\\chipotle\\EnterpriseServices\\MenuMetadataV1\\MenuMetadata.Service\\Responses\\MenuItemMetadataDto.cs","s":{"0":37,"1":19,"2":31,"3":43},"statementMap":{"0":{"start":{"line":10,"column":0},"end":{"line":10,"column":0}},"1":{"start":{"line":12,"column":0},"end":{"line":12,"column":0}},"2":{"start":{"line":14,"column":0},"end":{"line":14,"column":0}},"3":{"start":{"line":16,"column":0},"end":{"line":16,"column":0}}},"l":{"10":37,"12":19,"14":31,"16":43},"f":{"0":37,"1":19,"2":31,"3":43},"fnMap":{"0":{"name":"System.String MenuMetadata.Service.Responses.MenuItemMetadataDto::get_Id()","line":9,"loc":{"start":{"line":9,"col":0},"end":{"line":9,"col":0}}},"1":{"name":"System.Boolean MenuMetadata.Service.Responses.MenuItemMetadataDto::get_IsActive()","line":11,"loc":{"start":{"line":11,"col":0},"end":{"line":11,"col":0}}},"2":{"name":"System.String MenuMetadata.Service.Responses.MenuItemMetadataDto::get_MenuItemId()","line":13,"loc":{"start":{"line":13,"col":0},"end":{"line":13,"col":0}}},"3":{"name":"System.Collections.Generic.IEnumerable`1<MenuMetadata.Service.Responses.MenuItemMetadataChannelInfoDto> MenuMetadata.Service.Responses.MenuItemMetadataDto::get_Channels()","line":15,"loc":{"start":{"line":15,"col":0},"end":{"line":15,"col":0}}}},"b":{},"branchMap":{}},"C:\\git\\chipotle\\EnterpriseServices\\MenuMetadataV1\\MenuMetadata.Service\\Responses\\MenuItemMetadataForChannelDto.cs":{"path":"C:\\git\\chipotle\\EnterpriseServices\\MenuMetadataV1\\MenuMetadata.Service\\Responses\\MenuItemMetadataForChannelDto.cs","s":{"0":0},"statementMap":{"0":{"start":{"line":5,"column":0},"end":{"line":5,"column":0}}},"l":{"5":0},"f":{"0":0},"fnMap":{"0":{"name":"System.String MenuMetadata.Service.Responses.MenuItemMetadataForChannelDto::get_ThumbnailUrl()","line":4,"loc":{"start":{"line":4,"col":0},"end":{"line":4,"col":0}}}},"b":{},"branchMap":{}},"C:\\git\\chipotle\\EnterpriseServices\\MenuMetadataV1\\MenuMetadata.Service\\Responses\\MenuMetadataForChannelDto.cs":{"path":"C:\\git\\chipotle\\EnterpriseServices\\MenuMetadataV1\\MenuMetadata.Service\\Responses\\MenuMetadataForChannelDto.cs","s":{"0":0,"1":0,"2":0,"3":0},"statementMap":{"0":{"start":{"line":8,"column":0},"end":{"line":8,"column":0}},"1":{"start":{"line":10,"column":0},"end":{"line":10,"column":0}},"2":{"start":{"line":12,"column":0},"end":{"line":12,"column":0}},"3":{"start":{"line":13,"column":0},"end":{"line":13,"column":0}}},"l":{"8":0,"10":0,"12":0,"13":0},"f":{"0":0,"1":0,"2":0},"fnMap":{"0":{"name":"System.String MenuMetadata.Service.Responses.MenuMetadataForChannelDto::get_Channel()","line":7,"loc":{"start":{"line":7,"col":0},"end":{"line":7,"col":0}}},"1":{"name":"MenuMetadata.Service.Responses.TopLevelMenuDto MenuMetadata.Service.Responses.MenuMetadataForChannelDto::get_TopLevelMenu()","line":9,"loc":{"start":{"line":9,"col":0},"end":{"line":9,"col":0}}},"2":{"name":"System.Void MenuMetadata.Service.Responses.MenuMetadataForChannelDto::.ctor()","line":11,"loc":{"start":{"line":11,"col":0},"end":{"line":11,"col":0}}}},"b":{},"branchMap":{}},"C:\\git\\chipotle\\EnterpriseServices\\MenuMetadataV1\\MenuMetadata.Service\\Responses\\TopLevelMenuDto.cs":{"path":"C:\\git\\chipotle\\EnterpriseServices\\MenuMetadataV1\\MenuMetadata.Service\\Responses\\TopLevelMenuDto.cs","s":{"0":1,"1":1,"2":1,"3":4},"statementMap":{"0":{"start":{"line":10,"column":0},"end":{"line":10,"column":0}},"1":{"start":{"line":13,"column":0},"end":{"line":13,"column":0}},"2":{"start":{"line":15,"column":0},"end":{"line":15,"column":0}},"3":{"start":{"line":17,"column":0},"end":{"line":17,"column":0}}},"l":{"10":1,"13":1,"15":1,"17":4},"f":{"0":1,"1":1,"2":1,"3":4},"fnMap":{"0":{"name":"System.String MenuMetadata.Service.Responses.TopLevelMenuDto::get_Id()","line":9,"loc":{"start":{"line":9,"col":0},"end":{"line":9,"col":0}}},"1":{"name":"System.Nullable`1<System.Boolean> MenuMetadata.Service.Responses.TopLevelMenuDto::get_I
[...]
,"24":{"start":{"line":76,"column":0},"end":{"line":76,"column":0}},"25":{"start":{"line":77,"column":0},"end":{"line":77,"column":0}},"26":{"start":{"line":79,"column":0},"end":{"line":79,"column":0}},"27":{"start":{"line":80,"column":0},"end":{"line":80,"column":0}},"28":{"start":{"line":81,"column":0},"end":{"line":81,"column":0}},"29":{"start":{"line":82,"column":0},"end":{"line":82,"column":0}},"30":{"start":{"line":83,"column":0},"end":{"line":83,"column":0}},"31":{"start":{"line":84,"column":0},"end":{"line":84,"column":0}},"32":{"start":{"line":85,"column":0},"end":{"line":85,"column":0}},"33":{"start":{"line":86,"column":0},"end":{"line":86,"column":0}},"34":{"start":{"line":87,"column":0},"end":{"line":87,"column":0}},"35":{"start":{"line":88,"column":0},"end":{"line":88,"column":0}},"36":{"start":{"line":89,"column":0},"end":{"line":89,"column":0}},"37":{"start":{"line":90,"column":0},"end":{"line":90,"column":0}},"38":{"start":{"line":91,"column":0},"end":{"line":91,"column":0}},"39":{"start":{"line":92,"column":0},"end":{"line":92,"column":0}},"40":{"start":{"line":93,"column":0},"end":{"line":93,"column":0}},"41":{"start":{"line":94,"column":0},"end":{"line":94,"column":0}},"42":{"start":{"line":95,"column":0},"end":{"line":95,"column":0}},"43":{"start":{"line":72,"column":0},"end":{"line":72,"column":0}},"44":{"start":{"line":73,"column":0},"end":{"line":73,"column":0}},"45":{"start":{"line":96,"column":0},"end":{"line":96,"column":0}},"46":{"start":{"line":30,"column":0},"end":{"line":30,"column":0}},"47":{"start":{"line":31,"column":0},"end":{"line":31,"column":0}},"48":{"start":{"line":32,"column":0},"end":{"line":32,"column":0}},"49":{"start":{"line":33,"column":0},"end":{"line":33,"column":0}},"50":{"start":{"line":34,"column":0},"end":{"line":34,"column":0}},"51":{"start":{"line":37,"column":0},"end":{"line":37,"column":0}},"52":{"start":{"line":38,"column":0},"end":{"line":38,"column":0}},"53":{"start":{"line":39,"column":0},"end":{"line":39,"column":0}},"54":{"start":{"line":41,"column":0},"end":{"line":41,"column":0}},"55":{"start":{"line":43,"column":0},"end":{"line":43,"column":0}},"56":{"start":{"line":44,"column":0},"end":{"line":44,"column":0}},"57":{"start":{"line":45,"column":0},"end":{"line":45,"column":0}},"58":{"start":{"line":47,"column":0},"end":{"line":47,"column":0}},"59":{"start":{"line":48,"column":0},"end":{"line":48,"column":0}},"60":{"start":{"line":49,"column":0},"end":{"line":49,"column":0}},"61":{"start":{"line":50,"column":0},"end":{"line":50,"column":0}},"62":{"start":{"line":51,"column":0},"end":{"line":51,"column":0}},"63":{"start":{"line":52,"column":0},"end":{"line":52,"column":0}},"64":{"start":{"line":53,"column":0},"end":{"line":53,"column":0}},"65":{"start":{"line":54,"column":0},"end":{"line":54,"column":0}},"66":{"start":{"line":55,"column":0},"end":{"line":55,"column":0}},"67":{"start":{"line":56,"column":0},"end":{"line":56,"column":0}},"68":{"start":{"line":57,"column":0},"end":{"line":57,"column":0}},"69":{"start":{"line":60,"column":0},"end":{"line":60,"column":0}},"70":{"start":{"line":74,"column":0},"end":{"line":74,"column":0}},"71":{"start":{"line":75,"column":0},"end":{"line":75,"column":0}},"72":{"start":{"line":78,"column":0},"end":{"line":78,"column":0}},"73":{"start":{"line":97,"column":0},"end":{"line":97,"column":0}},"74":{"start":{"line":98,"column":0},"end":{"line":98,"column":0}},"75":{"start":{"line":100,"column":0},"end":{"line":100,"column":0}},"76":{"start":{"line":102,"column":0},"end":{"line":102,"column":0}},"77":{"start":{"line":103,"column":0},"end":{"line":103,"column":0}}},"l":{"17":2,"18":2,"19":2,"20":2,"21":2,"22":2,"23":2,"24":2,"25":2,"26":2,"27":2,"30":0,"31":0,"32":0,"33":0,"34":0,"37":0,"38":0,"39":0,"41":0,"43":0,"44":0,"45":0,"47":0,"48":0,"49":0,"50":0,"51":0,"52":0,"53":0,"54":0,"55":0,"56":0,"57":0,"58":0,"59":0,"60":0,"61":0,"62":0,"63":0,"64":0,"65":0,"66":0,"67":0,"68":0,"69":0,"70":0,"71":0,"72":0,"73":0,"74":0,"75":0,"76":0,"77":0,"78":0,"79":0,"80":0,"81":0,"82":0,"83":0,"84":0,"85":0,"86":0,"87":0,"88":0,"89":0,"90":0,"91":0,"92":0,"93":0,"94":0,"95":0,"96":0,"97":0,"98":0,"100":0,"102":0,"103":0},"f":{"0":2,"1":0,"2":0,"3":0,"4":0,"5":0,"6":0},"fnMap":{"0":{"name":"System.Void MenuMetadata.Service.Implementations.MenuMetadataService::.ctor(MenuMetadata.Service.Interfaces.IMenuItemGroupService","line":16,"loc":{"start":{"line":16,"col":0},"end":{"line":16,"col":0}}},"1":{"name":"<>f__AnonymousType0`2<System.String","line":57,"loc":{"start":{"line":57,"col":0},"end":{"line":57,"col":0}}},"2":{"name":"MenuMetadata.Service.Responses.MenuItemGroupForChannelDto MenuMetadata.Service.Implementations.MenuMetadataService/<>c__DisplayClass5_0::<GetMenuMetadataForChannelAsync>b__4(MenuMetadata.Service.Responses.MenuItemGroupDto)","line":75,"loc":{"start":{"line":75,"col":0},"end":{"line":75,"col":0}}},"3":{"name":"System.Boolean MenuMetadata.Service.Implementations.MenuMetadataService/<>c::<GetMenuMetadataForChannelAsync>b__5_1(<>f__AnonymousType0`2<System.String","line":71,"loc":{"start":{"line":71,"col":0},"end":{"line":71,"col":0}}},"4":{"name":"System.String MenuMetadata.Service.Implementations.MenuMetadataService/<>c::<GetMenuMetadataForChannelAsync>b__5_2(<>f__AnonymousType0`2<System.String","line":72,"loc":{"start":{"line":72,"col":0},"end":{"line":72,"col":0}}},"5":{"name":"System.Boolean MenuMetadata.Service.Implementations.MenuMetadataService/<>c::<GetMenuMetadataForChannelAsync>b__5_5(MenuMetadata.Service.Responses.MenuItemGroupForChannelDto)","line":95,"loc":{"start":{"line":95,"col":0},"end":{"line":95,"col":0}}},"6":{"name":"System.Void MenuMetadata.Service.Implementations.MenuMetadataService/<GetMenuMetadataForChannelAsync>d__5::MoveNext()","line":29,"loc":{"start":{"line":29,"col":0},"end":{"line":29,"col":0}}}},"b":{},"branchMap":{}},"C:\\git\\chipotle\\EnterpriseServices\\MenuMetadataV1\\MenuMetadata.Service\\Implementations\\TopLevelMenuService.cs":{"path":"C:\\git\\chipotle\\EnterpriseServices\\MenuMetadataV1\\MenuMetadata.Service\\Implementations\\TopLevelMenuService.cs","s":{"0":1,"1":1,"2":1,"3":1,"4":1,"5":1,"6":3,"7":3,"8":3,"9":3,"10":3,"11":1,"12":1,"13":1,"14":1,"15":1,"16":1,"17":1,"18":1,"19":0,"20":6,"21":6,"22":6,"23":6,"24":6,"25":6,"26":6,"27":1,"28":0,"29":0,"30":0,"31":0,"32":0,"33":0,"34":0,"35":0,"36":0,"37":0,"38":0,"39":0,"40":0,"41":0,"42":0,"43":0,"44":0,"45":0,"46":4,"47":4,"48":4,"49":4,"50":4,"51":4,"52":0,"53":0,"54":0,"55":0,"56":0,"57":0,"58":3,"59":3,"60":3,"61":0,"62":0,"63":3,"64":1,"65":1,"66":1,"67":1,"68":2,"69":2,"70":2,"71":2,"72":2,"73":2,"74":2,"75":2,"76":2,"77":2,"78":2,"79":1,"80":1,"81":1,"82":1,"83":1,"84":1,"85":1,"86":1,"87":1,"88":1,"89":1,"90":0,"91":0,"92":0,"93":0,"94":0,"95":0,"96":0,"97":0,"98":0,"99":0,"100":0,"101":0,"102":0,"103":0,"104":0,"105":0,"106":0,"107":0,"108":0,"109":0,"110":0},"statementMap":{"0":{"start":{"line":173,"column":0},"end":{"line":173,"column":0}},"1":{"start":{"line":174,"column":0},"end":{"line":174,"column":0}},"2":{"start":{"line":175,"column":0},"end":{"line":175,"column":0}},"3":{"start":{"line":176,"column":0},"end":{"line":176,"column":0}},"4":{"start":{"line":177,"column":0},"end":{"line":177,"column":0}},"5":{"start":{"line":178,"column":0},"end":{"line":178,"column":0}},"6":{"start":{"line":179,"column":0},"end":{"line":179,"column":0}},"7":{"start":{"line":180,"column":0},"end":{"line":180,"column":0}},"8":{"start":{"line":181,"column":0},"end":{"line":181,"column":0}},"9":{"start":{"line":182,"column":0},"end":{"line":182,"column":0}},"10":{"start":{"line":183,"column":0},"end":{"line":183,"column":0}},"11":{"start":{"line":184,"column":0},"end":{"line":184,"column":0}},"12":{"start":{"line":185,"column":0},"end":{"line":185,"column":0}},"13":{"start":{"line":186,"column":0},"end":{"line":186,"column":0}},"14":{"start":{"line":187,"column":0},"end":{"line":187,"column":0}},"15":{"start":{"line":188,"column":0},"end":{"line":188,"column":0}},"16":{"start":{"line":189,"column":0},"end":{"line":189,"column":0}},"17":{"start":{"line":190,"column":0},"end":{"line":190,"column":0}},"18":{"start":{"line":191,"column":0},"end":{"line":191,"column":0}},"19":{"start":{"line":52,"column":0},"end":{"line":52,"column":0}},"20":{"start":{"line":33,"column":0},"end":{"line":33,"column":0}},"21":{"start":{"line":34,"column":0},"end":{"line":34,"column":0}},"22":{"start":{"line":35,"column":0},"end":{"line":35,"column":0}},"23":{"start":{"line":36,"column":0},"end":{"line":36,"column":0}},"24":{"start":{"line":37,"column":0},"end":{"line":37,"column":0}},"25":{"start":{"line":38,"column":0},"end":{"line":38,"column":0}},"26":{"start":{"line":39,"column":0},"end":{"line":39,"column":0}},"27":{"start":{"line":26,"column":0},"end":{"line":26,"column":0}},"28":{"start":{"line":46,"column":0},"end":{"line":46,"column":0}},"29":{"start":{"line":47,"column":0},"end":{"line":47,"column":0}},"30":{"start":{"line":49,"column":0},"end":{"line":49,"column":0}},"31":{"start":{"line":50,"column":0},"end":{"line":50,"column":0}},"32":{"start":{"line":53,"column":0},"end":{"line":53,"column":0}},"33":{"start":{"line":59,"column":0},"end":{"line":59,"column":0}},"34":{"start":{"line":60,"column":0},"end":{"line":60,"column":0}},"35":{"start":{"line":62,"column":0},"end":{"line":62,"column":0}},"36":{"start":{"line":63,"column":0},"end":{"line":63,"column":0}},"37":{"start":{"line":64,"column":0},"end":{"line":64,"column":0}},"38":{"start":{"line":65,"column":0},"end":{"line":65,"column":0}},"39":{"start":{"line":66,"column":0},"end":{"line":66,"column":0}},"40":{"start":{"line":67,"column":0},"end":{"line":67,"column":0}},"41":{"start":{"line":68,"column":0},"end":{"line":68,"column":0}},"42":{"start":{"line":70,"column":0},"end":{"line":70,"column":0}},"43":{"start":{"line":73,"column":0},"end":{"line":73,"column":0}},"44":{"start":{"line":75,"column":0},"end":{"line":75,"column":0}},"45":{"start":{"line":76,"column":0},"end":{"line":76,"column":0}},"46":{"start":{"line":105,"column":0},"end":{"line":105,"column":0}},"47":{"start":{"line":106,"column":0},"end":{"line":106,"column":0}},"48":{"start":{"line":107,"column":0},"end":{"line":107,"column":0}},"49":{"start":{"line":108,"column":0},"end":{"line":108,"column":0}},"50":{"start":{"line":109,"column":0},"end":{"line":109,"column":0}},"51":{"start":{"line":110,"column":0},"end":{"line":110,"column":0}},"52":{"start":{"line":149,"column":0},"end":{"line":149,"column":0}},"53":{"start":{"line":150,"column":0},"end":{"line":150,"column":0}},"54":{"start":{"line":151,"column":0},"end":{"line":151,"column":0}},"55":{"start":{"line":152,"column":0},"end":{"line":152,"column":0}},"56":{"start":{"line":153,"column":0},"end":{"line":153,"column":0}},"57":{"start":{"line":154,"column":0},"end":{"line":154,"column":0}},"58":{"start":{"line":84,"column":0},"end":{"line":84,"column":0}},"59":{"start":{"line":85,"column":0},"end":{"line":85,"column":0}},"60":{"start":{"line":87,"column":0},"end":{"line":87,"column":0}},"61":{"start":{"line":88,"column":0},"end":{"line":88,"column":0}},"62":{"start":{"line":89,"column":0},"end":{"line":89,"column":0}},"63":{"start":{"line":92,"column":0},"end":{"line":92,"column":0}},"64":{"start":{"line":93,"column":0},"end":{"line":93,"column":0}},"65":{"start":{"line":94,"column":0},"end":{"line":94,"column":0}},"66":{"start":{"line":95,"column":0},"end":{"line":95,"column":0}},"67":{"start":{"line":96,"column":0},"end":{"line":96,"column":0}},"68":{"start":{"line":99,"column":0},"end":{"line":99,"column":0}},"69":{"start":{"line":100,"column":0},"end":{"line":100,"column":0}},"70":{"start":{"line":101,"column":0},"end":{"line":101,"column":0}},"71":{"start":{"line":102,"column":0},"end":{"line":102,"column":0}},"72":{"start":{"line":103,"column":0},"end":{"line":103,"column":0}},"73":{"start":{"line":104,"column":0},"end":{"line":104,"column":0}},"74":{"start":{"line":111,"column":0},"end":{"line":111,"column":0}},"75":{"start":{"line":112,"column":0},"end":{"line":112,"column":0}},"76":{"start":{"line":114,"column":0},"end":{"line":114,"column":0}},"77":{"start":{"line":115,"column":0},"end":{"line":115,"column":0}},"78":{"start":{"line":117,"column":0},"end":{"line":117,"column":0}},"79":{"start":{"line":119,"column":0},"end":{"line":119,"column":0}},"80":{"start":{"line":122,"column":0},"end":{"line":122,"column":0}},"81":{"start":{"line":124,"column":0},"end":{"line":124,"column":0}},"82":{"start":{"line":125,"column":0},"end":{"line":125,"column":0}},"83":{"start":{"line":128,"column":0},"end":{"line":128,"column":0}},"84":{"start":{"line":129,"column":0},"end":{"line":129,"column":0}},"85":{"start":{"line":130,"column":0},"end":{"line":130,"column":0}},"86":{"start":{"line":131,"column":0},"end":{"line":131,"column":0}},"87":{"start":{"line":132,"column":0},"end":{"line":132,"column":0}},"88":{"start":{"line":133,"column":0},"end":{"line":133,"column":0}},"89":{"start":{"line":134,"column":0},"end":{"line":134,"column":0}},"90":{"start":{"line":137,"column":0},"end":{"line":137,"column":0}},"91":{"start":{"line":138,"column":0},"end":{"line":138,"column":0}},"92":{"start":{"line":139,"column":0},"end":{"line":139,"column":0}},"93":{"start":{"line":140,"column":0},"end":{"line":140,"column":0}},"94":{"start":{"line":141,"column":0},"end":{"line":141,"column":0}},"95":{"start":{"line":142,"column":0},"end":{"line":142,"column":0}},"96":{"start":{"line":145,"column":0},"end":{"line":145,"column":0}},"97":{"start":{"line":146,"column":0},"end":{"line":146,"column":0}},"98":{"start":{"line":147,"column":0},"end":{"line":147,"column":0}},"99":{"start":{"line":148,"column":0},"end":{"line":148,"column":0}},"100":{"start":{"line":155,"column":0},"end":{"line":155,"column":0}},"101":{"start":{"line":156,"column":0},"end":{"line":156,"column":0}},"102":{"start":{"line":157,"column":0},"end":{"line":157,"column":0}},"103":{"start":{"line":158,"column":0},"end":{"line":158,"column":0}},"104":{"start":{"line":160,"column":0},"end":{"line":160,"column":0}},"105":{"start":{"line":161,"column":0},"end":{"line":161,"column":0}},"106":{"start":{"line":163,"column":0},"end":{"line":163,"column":0}},"107":{"start":{"line":164,"column":0},"end":{"line":164,"column":0}},"108":{"start":{"line":167,"column":0},"end":{"line":167,"column":0}},"109":{"start":{"line":169,"column":0},"end":{"line":169,"column":0}},"110":{"start":{"line":170,"column":0},"end":{"line":170,"column":0}}},"l":{"26":1,"33":6,"34":6,"35":6,"36":6,"37":6,"38":6,"39":6,"46":0,"47":0,"49":0,"50":0,"52":0,"53":0,"59":0,"60":0,"62":0,"63":0,"64":0,"65":0,"66":0,"67":0,"68":0,"70":0,"73":0,"75":0,"76":0,"84":3,"85":3,"87":3,"88":0,"89":0,"92":3,"93":1,"94":1,"95":1,"96":1,"99":2,"100":2,"101":2,"102":2,"103":2,"104":2,"105":4,"106":4,"107":4,"108":4,"109":4,"110":4,"111":2,"112":2,"114":2,"115":2,"117":2,"119":1,"122":1,"124":1,"125":1,"128":1,"129":1,"130":1,"131":1,"132":1,"133":1,"134":1,"137":0,"138":0,"139":0,"140":0,"141":0,"142":0,"145":0,"146":0,"147":0,"148":0,"149":0,"150":0,"151":0,"152":0,"153":0,"154":0,"155":0,"156":0,"157":0,"158":0,"160":0,"161":0,"163":0,"164":0,"167":0,"169":0,"170":0,"173":1,"174":1,"175":1,"176":1,"177":1,"178":1,"179":3,"180":3,"181":3,"182":3,"183":3,"184":1,"185":1,"186":1,"187":1,"188":1,"189":1,"190":1,"191":1},"f":{"0":1,"1":0,"2":6,"3":1,"4":0,"5":0,"6":4,"7":4,"8":0,"9":0,"10":3,"11":1},"fnMap":{"0":{"name":"MenuMetadata.Service.Responses.TopLevelMenuDto MenuMetadata.Service.Implementations.TopLevelMenuService::MapTopLevelMenuToDto(MenuMetadata.Models.Entities.TopLevelMenu)","line":172,"loc":{"start":{"line":172,"col":0},"end":{"line":172,"col":0}}},"1":{"name":"MenuMetadata.Service.Responses.TopLevelMenuDto MenuMetadata.Service.Implementations.TopLevelMenuService::<GetTopLevelMenusAsync>b__6_0(MenuMetadata.Models.Entities.TopLevelMenu)","line":51,"loc":{"start":{"line":51,"col":0},"end":{"line":51,"col":0}}},"2":{"name":"System.Void MenuMetadata.Service.Implementations.TopLevelMenuService::.ctor(MenuMetadata.Repository.Interfaces.ITopLevelMenuRepository","line":32,"loc":{"start":{"line":32,"col":0},"end":{"line":32,"col":0}}},"3":{"name":"System.Void MenuMetadata.Service.Implementations.TopLevelMenuService::.cctor()","line":25,"loc":{"start":{"line":25,"col":0},"end":{"line":25,"col":0}}},"4":{"name":"System.Void MenuMetadata.Service.Implementations.TopLevelMenuService/<GetTopLevelMenusAsync>d__6::MoveNext()","line":45,"loc":{"start":{"line":45,"col":0},"end":{"line":45,"col":0}}},"5":{"name":"System.Void MenuMetadata.Service.Implementations.TopLevelMenuService/<GetTopLevelMenuByChannelAsync>d__7::MoveNext()","line":58,"loc":{"start":{"line":58,"col":0},"end":{"line":58,"col":0}}},"6":{"name":"MenuMetadata.Models.Entities.TopLevelMenuGroup MenuMetadata.Service.Implementations.TopLevelMenuService/<>c::<CreateTopLevelMenuAsync>b__8_0(MenuMetadata.Service.Responses.TopLevelMenuGroupDto)","line":104,"loc":{"start":{"line":104,"col":0},"end":{"line":104,"col":0}}},"7":{"name":"System.Int32 MenuMetadata.Service.Implementations.TopLevelMenuService/<>c::<CreateTopLevelMenuAsync>b__8_1(MenuMetadata.Models.Entities.TopLevelMenuGroup)","line":109,"loc":{"start":{"line":109,"col":0},"end":{"line":109,"col":0}}},"8":{"name":"MenuMetadata.Models.Entities.TopLevelMenuGroup MenuMetadata.Service.Implementations.TopLevelMenuService/<>c::<UpdateTopLevelMenuAsync>b__9_0(MenuMetadata.Service.Responses.TopLevelMenuGroupDto)","line":148,"loc":{"start":{"line":148,"col":0},"end":{"line":148,"col":0}}},"9":{"name":"System.Int32 MenuMetadata.Service.Implementations.TopLevelMenuService/<>c::<UpdateTopLevelMenuAsync>b__9_1(MenuMetadata.Models.Entities.TopLevelMenuGroup)","line":153,"loc":{"start":{"line":153,"col":0},"end":{"line":153,"col":0}}},"10":{"name":"System.Void MenuMetadata.Service.Implementations.TopLevelMenuService/<CreateTopLevelMenuAsync>d__8::MoveNext()","line":83,"loc":{"start":{"line":83,"col":0},"end":{"line":83,"col":0}}},"11":{"name":"System.Void MenuMetadata.Service.Implementations.TopLevelMenuService/<UpdateTopLevelMenuAsync>d__9::MoveNext()","line":127,"loc":{"start":{"line":127,"col":0},"end":{"line":127,"col":0}}}},"b":{},"branchMap":{}},"C:\\git\\chipotle\\EnterpriseServices\\MenuMetadataV1\\MenuMetadata.Service\\Helpers\\AuditableEntityHelper.cs":{"path":"C:\\git\\chipotle\\EnterpriseServices\\MenuMetadataV1\\MenuMetadata.Service\\Helpers\\AuditableEntityHelper.cs","s":{"0":4,"1":4,"2":4,"3":4,"4":4,"5":4,"6":4,"7":4,"8":4,"9":4,"10":4,"11":4,"12":4},"statementMap":{"0":{"start":{"line":9,"column":0},"end":{"line":9,"column":0}},"1":{"start":{"line":10,"column":0},"end":{"line":10,"column":0}},"2":{"start":{"line":12,"column":0},"end":{"line":12,"column":0}},"3":{"start":{"line":13,"column":0},"end":{"line":13,"column":0}},"4":{"start":{"line":14,"column":0},"end":{"line":14,"column":0}},"5":{"start":{"line":15,"column":0},"end":{"line":15,"column":0}},"6":{"start":{"line":16,"column":0},"end":{"line":16,"column":0}},"7":{"start":{"line":19,"column":0},"end":{"line":19,"column":0}},"8":{"start":{"line":20,"column":0},"end":{"line":20,"column":0}},"9":{"start":{"line":21,"column":0},"end":{"line":21,"column":0}},"10":{"start":{"line":22,"column":0},"end":{"line":22,"column":0}},"11":{"start":{"line":23,"column":0},"end":{"line":23,"column":0}},"12":{"start":{"line":24,"column":0},"end":{"line":24,"column":0}}},"l":{"9":4,"10":4,"12":4,"13":4,"14":4,"15":4,"16":4,"19":4,"20":4,"21":4,"22":4,"23":4,"24":4},"f":{"0":4,"1":4},"fnMap":{"0":{"name":"System.Void MenuMetadata.Service.Helpers.AuditableEntityHelper::AddCreateAuditInfo(MenuMetadata.Models.Entities.IAuditableEntity","line":8,"loc":{"start":{"line":8,"col":0},"end":{"line":8,"col":0}}},"1":{"name":"System.Void MenuMetadata.Service.Helpers.AuditableEntityHelper::AddUpdateAuditInfo(MenuMetadata.Models.Entities.IAuditableEntity","line":18,"loc":{"start":{"line":18,"col":0},"end":{"line":18,"col":0}}}},"b":{},"branchMap":{}}}